{"/home/tofiM/Zemoso/React/NewBlinkist/src/App.tsx": {"path":"/home/tofiM/Zemoso/React/NewBlinkist/src/App.tsx","statementMap":{"0":{"start":{"line":14,"column":26},"end":{"line":14,"column":37}},"1":{"start":{"line":15,"column":36},"end":{"line":15,"column":48}},"2":{"start":{"line":17,"column":22},"end":{"line":20,"column":3}},"3":{"start":{"line":18,"column":4},"end":{"line":18,"column":23}},"4":{"start":{"line":21,"column":26},"end":{"line":24,"column":3}},"5":{"start":{"line":23,"column":5},"end":{"line":23,"column":29}},"6":{"start":{"line":26,"column":22},"end":{"line":29,"column":3}},"7":{"start":{"line":28,"column":4},"end":{"line":28,"column":22}},"8":{"start":{"line":34,"column":2},"end":{"line":66,"column":4}}},"fnMap":{"0":{"name":"App","decl":{"start":{"line":12,"column":9},"end":{"line":12,"column":12}},"loc":{"start":{"line":12,"column":15},"end":{"line":67,"column":1}},"line":12},"1":{"name":"(anonymous_1)","decl":{"start":{"line":17,"column":22},"end":{"line":17,"column":23}},"loc":{"start":{"line":17,"column":83},"end":{"line":20,"column":3}},"line":17},"2":{"name":"(anonymous_2)","decl":{"start":{"line":21,"column":26},"end":{"line":21,"column":27}},"loc":{"start":{"line":22,"column":2},"end":{"line":24,"column":3}},"line":22},"3":{"name":"(anonymous_3)","decl":{"start":{"line":26,"column":22},"end":{"line":26,"column":23}},"loc":{"start":{"line":27,"column":2},"end":{"line":29,"column":3}},"line":27}},"branchMap":{"0":{"loc":{"start":{"line":39,"column":6},"end":{"line":39,"column":71}},"type":"binary-expr","locations":[{"start":{"line":39,"column":6},"end":{"line":39,"column":15}},{"start":{"line":39,"column":20},"end":{"line":39,"column":71}}],"line":39},"1":{"loc":{"start":{"line":40,"column":5},"end":{"line":41,"column":68}},"type":"binary-expr","locations":[{"start":{"line":40,"column":5},"end":{"line":40,"column":14}},{"start":{"line":40,"column":18},"end":{"line":41,"column":68}}],"line":40}},"s":{"0":0,"1":0,"2":0,"3":0,"4":0,"5":0,"6":0,"7":0,"8":0},"f":{"0":0,"1":0,"2":0,"3":0},"b":{"0":[0,0],"1":[0,0]}}
,"/home/tofiM/Zemoso/React/NewBlinkist/src/index.tsx": {"path":"/home/tofiM/Zemoso/React/NewBlinkist/src/index.tsx","statementMap":{"0":{"start":{"line":15,"column":0},"end":{"line":28,"column":4}},"1":{"start":{"line":35,"column":0},"end":{"line":35,"column":18}}},"fnMap":{},"branchMap":{},"s":{"0":0,"1":0},"f":{},"b":{}}
,"/home/tofiM/Zemoso/React/NewBlinkist/src/reportWebVitals.ts": {"path":"/home/tofiM/Zemoso/React/NewBlinkist/src/reportWebVitals.ts","statementMap":{"0":{"start":{"line":3,"column":24},"end":{"line":13,"column":1}},"1":{"start":{"line":4,"column":2},"end":{"line":12,"column":3}},"2":{"start":{"line":5,"column":4},"end":{"line":11,"column":7}},"3":{"start":{"line":6,"column":6},"end":{"line":6,"column":26}},"4":{"start":{"line":7,"column":6},"end":{"line":7,"column":26}},"5":{"start":{"line":8,"column":6},"end":{"line":8,"column":26}},"6":{"start":{"line":9,"column":6},"end":{"line":9,"column":26}},"7":{"start":{"line":10,"column":6},"end":{"line":10,"column":27}}},"fnMap":{"0":{"name":"(anonymous_0)","decl":{"start":{"line":3,"column":24},"end":{"line":3,"column":25}},"loc":{"start":{"line":3,"column":57},"end":{"line":13,"column":1}},"line":3},"1":{"name":"(anonymous_1)","decl":{"start":{"line":5,"column":30},"end":{"line":5,"column":31}},"loc":{"start":{"line":5,"column":79},"end":{"line":11,"column":5}},"line":5}},"branchMap":{"0":{"loc":{"start":{"line":4,"column":2},"end":{"line":12,"column":3}},"type":"if","locations":[{"start":{"line":4,"column":2},"end":{"line":12,"column":3}},{"start":{},"end":{}}],"line":4},"1":{"loc":{"start":{"line":4,"column":6},"end":{"line":4,"column":52}},"type":"binary-expr","locations":[{"start":{"line":4,"column":6},"end":{"line":4,"column":17}},{"start":{"line":4,"column":21},"end":{"line":4,"column":52}}],"line":4}},"s":{"0":0,"1":0,"2":0,"3":0,"4":0,"5":0,"6":0,"7":0},"f":{"0":0,"1":0},"b":{"0":[0,0],"1":[0,0]}}
,"/home/tofiM/Zemoso/React/NewBlinkist/src/components/atoms/ProgressBar.tsx": {"path":"/home/tofiM/Zemoso/React/NewBlinkist/src/components/atoms/ProgressBar.tsx","statementMap":{"0":{"start":{"line":6,"column":16},"end":{"line":26,"column":2}},"1":{"start":{"line":27,"column":49},"end":{"line":36,"column":1}},"2":{"start":{"line":29,"column":18},"end":{"line":29,"column":29}},"3":{"start":{"line":30,"column":4},"end":{"line":35,"column":6}}},"fnMap":{"0":{"name":"(anonymous_0)","decl":{"start":{"line":27,"column":49},"end":{"line":27,"column":50}},"loc":{"start":{"line":28,"column":0},"end":{"line":36,"column":1}},"line":28}},"branchMap":{},"s":{"0":1,"1":1,"2":0,"3":0},"f":{"0":0},"b":{},"_coverageSchema":"1a1c01bbd47fc00a2c39e90264f33305004495a9","hash":"3840c0768c8a360ba8aad1c31d5c4669545bb1e6"}
,"/home/tofiM/Zemoso/React/NewBlinkist/src/components/atoms/Avatar/MyAvatar.stories.tsx": {"path":"/home/tofiM/Zemoso/React/NewBlinkist/src/components/atoms/Avatar/MyAvatar.stories.tsx","statementMap":{"0":{"start":{"line":11,"column":48},"end":{"line":11,"column":80}},"1":{"start":{"line":11,"column":58},"end":{"line":11,"column":80}},"2":{"start":{"line":13,"column":26},"end":{"line":13,"column":43}},"3":{"start":{"line":14,"column":0},"end":{"line":16,"column":2}},"4":{"start":{"line":18,"column":27},"end":{"line":18,"column":44}},"5":{"start":{"line":19,"column":0},"end":{"line":21,"column":2}}},"fnMap":{"0":{"name":"(anonymous_0)","decl":{"start":{"line":11,"column":48},"end":{"line":11,"column":49}},"loc":{"start":{"line":11,"column":58},"end":{"line":11,"column":80}},"line":11}},"branchMap":{},"s":{"0":0,"1":0,"2":0,"3":0,"4":0,"5":0},"f":{"0":0},"b":{}}
,"/home/tofiM/Zemoso/React/NewBlinkist/src/components/atoms/Avatar/MyAvatar.tsx": {"path":"/home/tofiM/Zemoso/React/NewBlinkist/src/components/atoms/Avatar/MyAvatar.tsx","statementMap":{"0":{"start":{"line":5,"column":16},"end":{"line":13,"column":2}},"1":{"start":{"line":19,"column":46},"end":{"line":31,"column":1}},"2":{"start":{"line":21,"column":18},"end":{"line":21,"column":29}},"3":{"start":{"line":23,"column":4},"end":{"line":30,"column":6}}},"fnMap":{"0":{"name":"(anonymous_0)","decl":{"start":{"line":19,"column":46},"end":{"line":19,"column":47}},"loc":{"start":{"line":19,"column":55},"end":{"line":31,"column":1}},"line":19}},"branchMap":{},"s":{"0":3,"1":3,"2":11,"3":11},"f":{"0":11},"b":{},"_coverageSchema":"1a1c01bbd47fc00a2c39e90264f33305004495a9","hash":"08db80799011d55ab0584eeb17dbe0c44aed602a"}
,"/home/tofiM/Zemoso/React/NewBlinkist/src/components/atoms/Blinklistlogo/Blinklistlogo.stories.tsx": {"path":"/home/tofiM/Zemoso/React/NewBlinkist/src/components/atoms/Blinklistlogo/Blinklistlogo.stories.tsx","statementMap":{"0":{"start":{"line":10,"column":52},"end":{"line":10,"column":87}},"1":{"start":{"line":10,"column":60},"end":{"line":10,"column":87}},"2":{"start":{"line":12,"column":20},"end":{"line":12,"column":37}}},"fnMap":{"0":{"name":"(anonymous_0)","decl":{"start":{"line":10,"column":52},"end":{"line":10,"column":53}},"loc":{"start":{"line":10,"column":60},"end":{"line":10,"column":87}},"line":10}},"branchMap":{},"s":{"0":0,"1":0,"2":0},"f":{"0":0},"b":{}}
,"/home/tofiM/Zemoso/React/NewBlinkist/src/components/atoms/Blinklistlogo/Blinklistlogo.tsx": {"path":"/home/tofiM/Zemoso/React/NewBlinkist/src/components/atoms/Blinklistlogo/Blinklistlogo.tsx","statementMap":{"0":{"start":{"line":6,"column":16},"end":{"line":17,"column":2}},"1":{"start":{"line":23,"column":51},"end":{"line":34,"column":1}},"2":{"start":{"line":26,"column":18},"end":{"line":26,"column":29}},"3":{"start":{"line":28,"column":4},"end":{"line":33,"column":6}}},"fnMap":{"0":{"name":"(anonymous_0)","decl":{"start":{"line":23,"column":51},"end":{"line":23,"column":52}},"loc":{"start":{"line":24,"column":0},"end":{"line":34,"column":1}},"line":24}},"branchMap":{},"s":{"0":3,"1":3,"2":11,"3":11},"f":{"0":11},"b":{},"_coverageSchema":"1a1c01bbd47fc00a2c39e90264f33305004495a9","hash":"fb80aa21a89159215e99bf9ed74244e43f63e75d"}
,"/home/tofiM/Zemoso/React/NewBlinkist/src/components/atoms/DownArrow/DownArrow.stories.tsx": {"path":"/home/tofiM/Zemoso/React/NewBlinkist/src/components/atoms/DownArrow/DownArrow.stories.tsx","statementMap":{"0":{"start":{"line":10,"column":51},"end":{"line":10,"column":84}},"1":{"start":{"line":10,"column":61},"end":{"line":10,"column":84}},"2":{"start":{"line":12,"column":30},"end":{"line":12,"column":47}}},"fnMap":{"0":{"name":"(anonymous_0)","decl":{"start":{"line":10,"column":51},"end":{"line":10,"column":52}},"loc":{"start":{"line":10,"column":61},"end":{"line":10,"column":84}},"line":10}},"branchMap":{},"s":{"0":0,"1":0,"2":0},"f":{"0":0},"b":{}}
,"/home/tofiM/Zemoso/React/NewBlinkist/src/components/atoms/DownArrow/DownArrow.tsx": {"path":"/home/tofiM/Zemoso/React/NewBlinkist/src/components/atoms/DownArrow/DownArrow.tsx","statementMap":{"0":{"start":{"line":5,"column":16},"end":{"line":18,"column":2}},"1":{"start":{"line":26,"column":47},"end":{"line":42,"column":1}},"2":{"start":{"line":28,"column":18},"end":{"line":28,"column":29}},"3":{"start":{"line":30,"column":4},"end":{"line":41,"column":6}}},"fnMap":{"0":{"name":"(anonymous_0)","decl":{"start":{"line":26,"column":47},"end":{"line":26,"column":48}},"loc":{"start":{"line":27,"column":0},"end":{"line":42,"column":1}},"line":27}},"branchMap":{},"s":{"0":0,"1":0,"2":0,"3":0},"f":{"0":0},"b":{}}
,"/home/tofiM/Zemoso/React/NewBlinkist/src/components/atoms/MylibraryTitle/MyLibrary.stories.tsx": {"path":"/home/tofiM/Zemoso/React/NewBlinkist/src/components/atoms/MylibraryTitle/MyLibrary.stories.tsx","statementMap":{"0":{"start":{"line":9,"column":54},"end":{"line":9,"column":92}},"1":{"start":{"line":9,"column":64},"end":{"line":9,"column":92}},"2":{"start":{"line":11,"column":25},"end":{"line":11,"column":42}}},"fnMap":{"0":{"name":"(anonymous_0)","decl":{"start":{"line":9,"column":54},"end":{"line":9,"column":55}},"loc":{"start":{"line":9,"column":64},"end":{"line":9,"column":92}},"line":9}},"branchMap":{},"s":{"0":0,"1":0,"2":0},"f":{"0":0},"b":{}}
,"/home/tofiM/Zemoso/React/NewBlinkist/src/components/atoms/MylibraryTitle/MyLibraryTitle.tsx": {"path":"/home/tofiM/Zemoso/React/NewBlinkist/src/components/atoms/MylibraryTitle/MyLibraryTitle.tsx","statementMap":{"0":{"start":{"line":6,"column":16},"end":{"line":23,"column":2}},"1":{"start":{"line":25,"column":45},"end":{"line":37,"column":1}},"2":{"start":{"line":27,"column":18},"end":{"line":27,"column":29}},"3":{"start":{"line":29,"column":4},"end":{"line":36,"column":6}}},"fnMap":{"0":{"name":"(anonymous_0)","decl":{"start":{"line":25,"column":45},"end":{"line":25,"column":46}},"loc":{"start":{"line":26,"column":0},"end":{"line":37,"column":1}},"line":26}},"branchMap":{},"s":{"0":1,"1":1,"2":1,"3":1},"f":{"0":1},"b":{},"_coverageSchema":"1a1c01bbd47fc00a2c39e90264f33305004495a9","hash":"869820da60ac6ef16c04e214d979c8a298013e81"}
,"/home/tofiM/Zemoso/React/NewBlinkist/src/components/atoms/PlusIcon/PlusIcon.tsx": {"path":"/home/tofiM/Zemoso/React/NewBlinkist/src/components/atoms/PlusIcon/PlusIcon.tsx","statementMap":{"0":{"start":{"line":5,"column":18},"end":{"line":17,"column":2}},"1":{"start":{"line":24,"column":46},"end":{"line":35,"column":1}},"2":{"start":{"line":27,"column":18},"end":{"line":27,"column":29}},"3":{"start":{"line":28,"column":4},"end":{"line":34,"column":6}}},"fnMap":{"0":{"name":"(anonymous_0)","decl":{"start":{"line":24,"column":46},"end":{"line":24,"column":47}},"loc":{"start":{"line":25,"column":0},"end":{"line":35,"column":1}},"line":25}},"branchMap":{"0":{"loc":{"start":{"line":32,"column":56},"end":{"line":32,"column":90}},"type":"cond-expr","locations":[{"start":{"line":32,"column":72},"end":{"line":32,"column":87}},{"start":{"line":32,"column":88},"end":{"line":32,"column":90}}],"line":32}},"s":{"0":1,"1":1,"2":100,"3":100},"f":{"0":100},"b":{"0":[0,100]},"_coverageSchema":"1a1c01bbd47fc00a2c39e90264f33305004495a9","hash":"51bde362138661b8acd4e8ba08c823db0f69c5e2"}
,"/home/tofiM/Zemoso/React/NewBlinkist/src/components/atoms/Searchicon/MySearchicon.stories.tsx": {"path":"/home/tofiM/Zemoso/React/NewBlinkist/src/components/atoms/Searchicon/MySearchicon.stories.tsx","statementMap":{"0":{"start":{"line":9,"column":52},"end":{"line":9,"column":87}},"1":{"start":{"line":9,"column":61},"end":{"line":9,"column":87}},"2":{"start":{"line":11,"column":31},"end":{"line":11,"column":48}}},"fnMap":{"0":{"name":"(anonymous_0)","decl":{"start":{"line":9,"column":52},"end":{"line":9,"column":53}},"loc":{"start":{"line":9,"column":61},"end":{"line":9,"column":87}},"line":9}},"branchMap":{},"s":{"0":0,"1":0,"2":0},"f":{"0":0},"b":{}}
,"/home/tofiM/Zemoso/React/NewBlinkist/src/components/atoms/Searchicon/MySearchicon.tsx": {"path":"/home/tofiM/Zemoso/React/NewBlinkist/src/components/atoms/Searchicon/MySearchicon.tsx","statementMap":{"0":{"start":{"line":7,"column":16},"end":{"line":20,"column":2}},"1":{"start":{"line":24,"column":50},"end":{"line":35,"column":1}},"2":{"start":{"line":27,"column":18},"end":{"line":27,"column":29}},"3":{"start":{"line":28,"column":4},"end":{"line":32,"column":6}}},"fnMap":{"0":{"name":"(anonymous_0)","decl":{"start":{"line":24,"column":50},"end":{"line":24,"column":51}},"loc":{"start":{"line":25,"column":0},"end":{"line":35,"column":1}},"line":25}},"branchMap":{},"s":{"0":2,"1":2,"2":9,"3":9},"f":{"0":9},"b":{},"_coverageSchema":"1a1c01bbd47fc00a2c39e90264f33305004495a9","hash":"ad68b1b3edbee1c13e53656b5388b4bd6ef9925f"}
,"/home/tofiM/Zemoso/React/NewBlinkist/src/components/atoms/Tabs/MyTabs.stories.tsx": {"path":"/home/tofiM/Zemoso/React/NewBlinkist/src/components/atoms/Tabs/MyTabs.stories.tsx","statementMap":{"0":{"start":{"line":9,"column":49},"end":{"line":9,"column":79}},"1":{"start":{"line":9,"column":59},"end":{"line":9,"column":79}},"2":{"start":{"line":11,"column":25},"end":{"line":11,"column":42}}},"fnMap":{"0":{"name":"(anonymous_0)","decl":{"start":{"line":9,"column":49},"end":{"line":9,"column":50}},"loc":{"start":{"line":9,"column":59},"end":{"line":9,"column":79}},"line":9}},"branchMap":{},"s":{"0":0,"1":0,"2":0},"f":{"0":0},"b":{}}
,"/home/tofiM/Zemoso/React/NewBlinkist/src/components/atoms/Tabs/MyTabs.tsx": {"path":"/home/tofiM/Zemoso/React/NewBlinkist/src/components/atoms/Tabs/MyTabs.tsx","statementMap":{"0":{"start":{"line":9,"column":14},"end":{"line":15,"column":4}},"1":{"start":{"line":18,"column":16},"end":{"line":30,"column":2}},"2":{"start":{"line":36,"column":44},"end":{"line":89,"column":1}},"3":{"start":{"line":38,"column":26},"end":{"line":38,"column":37}},"4":{"start":{"line":42,"column":22},"end":{"line":45,"column":4}},"5":{"start":{"line":44,"column":8},"end":{"line":44,"column":27}},"6":{"start":{"line":49,"column":17},"end":{"line":49,"column":28}},"7":{"start":{"line":52,"column":4},"end":{"line":88,"column":6}}},"fnMap":{"0":{"name":"(anonymous_0)","decl":{"start":{"line":36,"column":44},"end":{"line":36,"column":45}},"loc":{"start":{"line":37,"column":0},"end":{"line":89,"column":1}},"line":37},"1":{"name":"(anonymous_1)","decl":{"start":{"line":42,"column":22},"end":{"line":42,"column":23}},"loc":{"start":{"line":43,"column":3},"end":{"line":45,"column":4}},"line":43}},"branchMap":{"0":{"loc":{"start":{"line":72,"column":9},"end":{"line":72,"column":68}},"type":"binary-expr","locations":[{"start":{"line":72,"column":9},"end":{"line":72,"column":18}},{"start":{"line":72,"column":23},"end":{"line":72,"column":68}}],"line":72},"1":{"loc":{"start":{"line":74,"column":9},"end":{"line":74,"column":74}},"type":"binary-expr","locations":[{"start":{"line":74,"column":9},"end":{"line":74,"column":18}},{"start":{"line":74,"column":22},"end":{"line":74,"column":74}}],"line":74}},"s":{"0":1,"1":1,"2":1,"3":4,"4":4,"5":0,"6":4,"7":4},"f":{"0":4,"1":0},"b":{"0":[4,4],"1":[4,0]},"_coverageSchema":"1a1c01bbd47fc00a2c39e90264f33305004495a9","hash":"1612aac76c9215a6e83e52bfe10b32fe4113267f"}
,"/home/tofiM/Zemoso/React/NewBlinkist/src/components/atoms/TimeIcon/TimeIcon.stories.tsx": {"path":"/home/tofiM/Zemoso/React/NewBlinkist/src/components/atoms/TimeIcon/TimeIcon.stories.tsx","statementMap":{"0":{"start":{"line":9,"column":51},"end":{"line":9,"column":83}},"1":{"start":{"line":9,"column":61},"end":{"line":9,"column":83}},"2":{"start":{"line":11,"column":29},"end":{"line":11,"column":46}}},"fnMap":{"0":{"name":"(anonymous_0)","decl":{"start":{"line":9,"column":51},"end":{"line":9,"column":52}},"loc":{"start":{"line":9,"column":61},"end":{"line":9,"column":83}},"line":9}},"branchMap":{},"s":{"0":0,"1":0,"2":0},"f":{"0":0},"b":{}}
,"/home/tofiM/Zemoso/React/NewBlinkist/src/components/atoms/TimeIcon/TimeIcon.tsx": {"path":"/home/tofiM/Zemoso/React/NewBlinkist/src/components/atoms/TimeIcon/TimeIcon.tsx","statementMap":{"0":{"start":{"line":9,"column":16},"end":{"line":21,"column":2}},"1":{"start":{"line":22,"column":41},"end":{"line":35,"column":1}},"2":{"start":{"line":24,"column":18},"end":{"line":24,"column":29}},"3":{"start":{"line":27,"column":4},"end":{"line":34,"column":6}}},"fnMap":{"0":{"name":"(anonymous_0)","decl":{"start":{"line":22,"column":41},"end":{"line":22,"column":42}},"loc":{"start":{"line":23,"column":0},"end":{"line":35,"column":1}},"line":23}},"branchMap":{},"s":{"0":0,"1":0,"2":0,"3":0},"f":{"0":0},"b":{}}
,"/home/tofiM/Zemoso/React/NewBlinkist/src/components/atoms/UpArrow/UpArrow.tsx": {"path":"/home/tofiM/Zemoso/React/NewBlinkist/src/components/atoms/UpArrow/UpArrow.tsx","statementMap":{"0":{"start":{"line":5,"column":16},"end":{"line":18,"column":2}},"1":{"start":{"line":26,"column":45},"end":{"line":42,"column":1}},"2":{"start":{"line":28,"column":18},"end":{"line":28,"column":29}},"3":{"start":{"line":30,"column":4},"end":{"line":41,"column":6}}},"fnMap":{"0":{"name":"(anonymous_0)","decl":{"start":{"line":26,"column":45},"end":{"line":26,"column":46}},"loc":{"start":{"line":27,"column":0},"end":{"line":42,"column":1}},"line":27}},"branchMap":{"0":{"loc":{"start":{"line":34,"column":31},"end":{"line":34,"column":91}},"type":"cond-expr","locations":[{"start":{"line":34,"column":52},"end":{"line":34,"column":72}},{"start":{"line":34,"column":73},"end":{"line":34,"column":91}}],"line":34}},"s":{"0":0,"1":0,"2":0,"3":0},"f":{"0":0},"b":{"0":[0,0]}}
,"/home/tofiM/Zemoso/React/NewBlinkist/src/components/atoms/UserIcon/UserIcon.stories.tsx": {"path":"/home/tofiM/Zemoso/React/NewBlinkist/src/components/atoms/UserIcon/UserIcon.stories.tsx","statementMap":{"0":{"start":{"line":9,"column":49},"end":{"line":9,"column":81}},"1":{"start":{"line":9,"column":59},"end":{"line":9,"column":81}},"2":{"start":{"line":11,"column":29},"end":{"line":11,"column":46}}},"fnMap":{"0":{"name":"(anonymous_0)","decl":{"start":{"line":9,"column":49},"end":{"line":9,"column":50}},"loc":{"start":{"line":9,"column":59},"end":{"line":9,"column":81}},"line":9}},"branchMap":{},"s":{"0":0,"1":0,"2":0},"f":{"0":0},"b":{}}
,"/home/tofiM/Zemoso/React/NewBlinkist/src/components/atoms/UserIcon/UserIcon.tsx": {"path":"/home/tofiM/Zemoso/React/NewBlinkist/src/components/atoms/UserIcon/UserIcon.tsx","statementMap":{"0":{"start":{"line":8,"column":48},"end":{"line":17,"column":1}},"1":{"start":{"line":10,"column":4},"end":{"line":15,"column":6}}},"fnMap":{"0":{"name":"(anonymous_0)","decl":{"start":{"line":8,"column":48},"end":{"line":8,"column":49}},"loc":{"start":{"line":9,"column":0},"end":{"line":17,"column":1}},"line":9}},"branchMap":{},"s":{"0":5,"1":184},"f":{"0":184},"b":{},"_coverageSchema":"1a1c01bbd47fc00a2c39e90264f33305004495a9","hash":"468fbec7f9edeb2397114508c92c52e5b045d1f4"}
,"/home/tofiM/Zemoso/React/NewBlinkist/src/components/molecules/BookCard/BookCard.stories.tsx": {"path":"/home/tofiM/Zemoso/React/NewBlinkist/src/components/molecules/BookCard/BookCard.stories.tsx","statementMap":{"0":{"start":{"line":18,"column":20},"end":{"line":24,"column":1}},"1":{"start":{"line":20,"column":4},"end":{"line":23,"column":6}},"2":{"start":{"line":20,"column":134},"end":{"line":20,"column":146}},"3":{"start":{"line":28,"column":51},"end":{"line":52,"column":11}},"4":{"start":{"line":29,"column":0},"end":{"line":52,"column":11}},"5":{"start":{"line":54,"column":31},"end":{"line":54,"column":48}},"6":{"start":{"line":55,"column":0},"end":{"line":61,"column":2}},"7":{"start":{"line":63,"column":52},"end":{"line":66,"column":11}},"8":{"start":{"line":64,"column":0},"end":{"line":66,"column":11}},"9":{"start":{"line":68,"column":28},"end":{"line":68,"column":46}},"10":{"start":{"line":69,"column":0},"end":{"line":75,"column":2}}},"fnMap":{"0":{"name":"(anonymous_0)","decl":{"start":{"line":18,"column":20},"end":{"line":18,"column":21}},"loc":{"start":{"line":18,"column":25},"end":{"line":24,"column":1}},"line":18},"1":{"name":"(anonymous_1)","decl":{"start":{"line":20,"column":28},"end":{"line":20,"column":29}},"loc":{"start":{"line":20,"column":134},"end":{"line":20,"column":146}},"line":20},"2":{"name":"(anonymous_2)","decl":{"start":{"line":28,"column":51},"end":{"line":28,"column":52}},"loc":{"start":{"line":29,"column":0},"end":{"line":52,"column":11}},"line":29},"3":{"name":"(anonymous_3)","decl":{"start":{"line":63,"column":52},"end":{"line":63,"column":53}},"loc":{"start":{"line":64,"column":0},"end":{"line":66,"column":11}},"line":64}},"branchMap":{"0":{"loc":{"start":{"line":20,"column":4},"end":{"line":23,"column":5}},"type":"binary-expr","locations":[{"start":{"line":20,"column":4},"end":{"line":20,"column":158}},{"start":{"line":21,"column":8},"end":{"line":23,"column":5}}],"line":20}},"s":{"0":1,"1":0,"2":0,"3":1,"4":100,"5":1,"6":1,"7":1,"8":0,"9":1,"10":1},"f":{"0":0,"1":0,"2":100,"3":0},"b":{"0":[0,0]},"_coverageSchema":"1a1c01bbd47fc00a2c39e90264f33305004495a9","hash":"586ea44bb9e8b86819318ff4b39300f213fbfb75"}
,"/home/tofiM/Zemoso/React/NewBlinkist/src/components/molecules/BookCard/BookCard.tsx": {"path":"/home/tofiM/Zemoso/React/NewBlinkist/src/components/molecules/BookCard/BookCard.tsx","statementMap":{"0":{"start":{"line":8,"column":12},"end":{"line":17,"column":2}},"1":{"start":{"line":21,"column":16},"end":{"line":128,"column":6}},"2":{"start":{"line":140,"column":46},"end":{"line":178,"column":1}},"3":{"start":{"line":142,"column":18},"end":{"line":142,"column":29}},"4":{"start":{"line":143,"column":4},"end":{"line":177,"column":6}}},"fnMap":{"0":{"name":"(anonymous_0)","decl":{"start":{"line":140,"column":46},"end":{"line":140,"column":47}},"loc":{"start":{"line":141,"column":0},"end":{"line":178,"column":1}},"line":141}},"branchMap":{},"s":{"0":1,"1":1,"2":1,"3":100,"4":100},"f":{"0":100},"b":{},"_coverageSchema":"1a1c01bbd47fc00a2c39e90264f33305004495a9","hash":"12d5f0d58b6482be655abca7e0ba544cf6e04bd4"}
,"/home/tofiM/Zemoso/React/NewBlinkist/src/components/molecules/BookCard/CurrentCard.stories.tsx": {"path":"/home/tofiM/Zemoso/React/NewBlinkist/src/components/molecules/BookCard/CurrentCard.stories.tsx","statementMap":{"0":{"start":{"line":11,"column":52},"end":{"line":11,"column":88}},"1":{"start":{"line":11,"column":63},"end":{"line":11,"column":88}},"2":{"start":{"line":13,"column":36},"end":{"line":13,"column":53}},"3":{"start":{"line":14,"column":0},"end":{"line":21,"column":1}},"4":{"start":{"line":23,"column":35},"end":{"line":23,"column":52}},"5":{"start":{"line":24,"column":0},"end":{"line":31,"column":1}}},"fnMap":{"0":{"name":"(anonymous_0)","decl":{"start":{"line":11,"column":52},"end":{"line":11,"column":53}},"loc":{"start":{"line":11,"column":63},"end":{"line":11,"column":88}},"line":11}},"branchMap":{},"s":{"0":0,"1":0,"2":0,"3":0,"4":0,"5":0},"f":{"0":0},"b":{}}
,"/home/tofiM/Zemoso/React/NewBlinkist/src/components/molecules/BookCard/CurrentCard.tsx": {"path":"/home/tofiM/Zemoso/React/NewBlinkist/src/components/molecules/BookCard/CurrentCard.tsx","statementMap":{"0":{"start":{"line":11,"column":12},"end":{"line":20,"column":2}},"1":{"start":{"line":24,"column":16},"end":{"line":132,"column":6}},"2":{"start":{"line":147,"column":49},"end":{"line":230,"column":1}},"3":{"start":{"line":149,"column":18},"end":{"line":149,"column":29}},"4":{"start":{"line":150,"column":24},"end":{"line":170,"column":5}},"5":{"start":{"line":152,"column":8},"end":{"line":169,"column":9}},"6":{"start":{"line":154,"column":24},"end":{"line":154,"column":167}},"7":{"start":{"line":154,"column":154},"end":{"line":154,"column":166}},"8":{"start":{"line":155,"column":12},"end":{"line":155,"column":43}},"9":{"start":{"line":156,"column":24},"end":{"line":156,"column":89}},"10":{"start":{"line":156,"column":76},"end":{"line":156,"column":88}},"11":{"start":{"line":157,"column":12},"end":{"line":157,"column":45}},"12":{"start":{"line":158,"column":12},"end":{"line":158,"column":29}},"13":{"start":{"line":163,"column":24},"end":{"line":163,"column":91}},"14":{"start":{"line":163,"column":72},"end":{"line":163,"column":90}},"15":{"start":{"line":164,"column":12},"end":{"line":164,"column":44}},"16":{"start":{"line":165,"column":24},"end":{"line":165,"column":94}},"17":{"start":{"line":165,"column":75},"end":{"line":165,"column":93}},"18":{"start":{"line":166,"column":12},"end":{"line":166,"column":44}},"19":{"start":{"line":167,"column":12},"end":{"line":167,"column":29}},"20":{"start":{"line":171,"column":4},"end":{"line":229,"column":6}},"21":{"start":{"line":199,"column":50},"end":{"line":199,"column":77}}},"fnMap":{"0":{"name":"(anonymous_0)","decl":{"start":{"line":147,"column":49},"end":{"line":147,"column":50}},"loc":{"start":{"line":148,"column":0},"end":{"line":230,"column":1}},"line":148},"1":{"name":"(anonymous_1)","decl":{"start":{"line":150,"column":24},"end":{"line":150,"column":25}},"loc":{"start":{"line":151,"column":4},"end":{"line":170,"column":5}},"line":151},"2":{"name":"(anonymous_2)","decl":{"start":{"line":154,"column":48},"end":{"line":154,"column":49}},"loc":{"start":{"line":154,"column":154},"end":{"line":154,"column":166}},"line":154},"3":{"name":"(anonymous_3)","decl":{"start":{"line":156,"column":51},"end":{"line":156,"column":52}},"loc":{"start":{"line":156,"column":76},"end":{"line":156,"column":88}},"line":156},"4":{"name":"(anonymous_4)","decl":{"start":{"line":163,"column":47},"end":{"line":163,"column":48}},"loc":{"start":{"line":163,"column":72},"end":{"line":163,"column":90}},"line":163},"5":{"name":"(anonymous_5)","decl":{"start":{"line":165,"column":50},"end":{"line":165,"column":51}},"loc":{"start":{"line":165,"column":75},"end":{"line":165,"column":93}},"line":165},"6":{"name":"(anonymous_6)","decl":{"start":{"line":199,"column":41},"end":{"line":199,"column":42}},"loc":{"start":{"line":199,"column":50},"end":{"line":199,"column":77}},"line":199}},"branchMap":{"0":{"loc":{"start":{"line":152,"column":8},"end":{"line":169,"column":9}},"type":"if","locations":[{"start":{"line":152,"column":8},"end":{"line":169,"column":9}},{"start":{"line":162,"column":8},"end":{"line":169,"column":9}}],"line":152}},"s":{"0":4,"1":4,"2":4,"3":84,"4":84,"5":2,"6":1,"7":9,"8":1,"9":1,"10":1,"11":1,"12":1,"13":1,"14":1,"15":1,"16":1,"17":1,"18":1,"19":1,"20":84,"21":2},"f":{"0":84,"1":2,"2":9,"3":1,"4":1,"5":1,"6":2},"b":{"0":[1,1]},"_coverageSchema":"1a1c01bbd47fc00a2c39e90264f33305004495a9","hash":"69b5fcc10dc191564deb579a471b0ef2e453f5ec"}
,"/home/tofiM/Zemoso/React/NewBlinkist/src/components/molecules/Category/Category.stories.tsx": {"path":"/home/tofiM/Zemoso/React/NewBlinkist/src/components/molecules/Category/Category.stories.tsx","statementMap":{"0":{"start":{"line":13,"column":50},"end":{"line":13,"column":115}},"1":{"start":{"line":13,"column":60},"end":{"line":13,"column":115}},"2":{"start":{"line":15,"column":28},"end":{"line":15,"column":45}},"3":{"start":{"line":16,"column":0},"end":{"line":19,"column":1}}},"fnMap":{"0":{"name":"(anonymous_0)","decl":{"start":{"line":13,"column":50},"end":{"line":13,"column":51}},"loc":{"start":{"line":13,"column":60},"end":{"line":13,"column":115}},"line":13}},"branchMap":{},"s":{"0":0,"1":0,"2":0,"3":0},"f":{"0":0},"b":{}}
,"/home/tofiM/Zemoso/React/NewBlinkist/src/components/molecules/Category/Category.tsx": {"path":"/home/tofiM/Zemoso/React/NewBlinkist/src/components/molecules/Category/Category.tsx","statementMap":{"0":{"start":{"line":13,"column":16},"end":{"line":36,"column":2}},"1":{"start":{"line":38,"column":47},"end":{"line":72,"column":1}},"2":{"start":{"line":41,"column":18},"end":{"line":41,"column":29}},"3":{"start":{"line":42,"column":4},"end":{"line":71,"column":6}}},"fnMap":{"0":{"name":"(anonymous_0)","decl":{"start":{"line":38,"column":47},"end":{"line":38,"column":48}},"loc":{"start":{"line":39,"column":0},"end":{"line":72,"column":1}},"line":39}},"branchMap":{},"s":{"0":2,"1":2,"2":91,"3":91},"f":{"0":91},"b":{},"_coverageSchema":"1a1c01bbd47fc00a2c39e90264f33305004495a9","hash":"cce72db3a8e6a75ab88e569dc25547da0b72337a"}
,"/home/tofiM/Zemoso/React/NewBlinkist/src/components/molecules/SearchBar/SearchBar.stories.tsx": {"path":"/home/tofiM/Zemoso/React/NewBlinkist/src/components/molecules/SearchBar/SearchBar.stories.tsx","statementMap":{"0":{"start":{"line":9,"column":50},"end":{"line":9,"column":83}},"1":{"start":{"line":9,"column":60},"end":{"line":9,"column":83}},"2":{"start":{"line":11,"column":29},"end":{"line":11,"column":46}}},"fnMap":{"0":{"name":"(anonymous_0)","decl":{"start":{"line":9,"column":50},"end":{"line":9,"column":51}},"loc":{"start":{"line":9,"column":60},"end":{"line":9,"column":83}},"line":9}},"branchMap":{},"s":{"0":0,"1":0,"2":0},"f":{"0":0},"b":{}}
,"/home/tofiM/Zemoso/React/NewBlinkist/src/components/molecules/SearchBar/SearchBar.tsx": {"path":"/home/tofiM/Zemoso/React/NewBlinkist/src/components/molecules/SearchBar/SearchBar.tsx","statementMap":{"0":{"start":{"line":4,"column":16},"end":{"line":15,"column":1}},"1":{"start":{"line":16,"column":40},"end":{"line":28,"column":1}},"2":{"start":{"line":18,"column":18},"end":{"line":18,"column":29}},"3":{"start":{"line":19,"column":4},"end":{"line":27,"column":6}}},"fnMap":{"0":{"name":"(anonymous_0)","decl":{"start":{"line":16,"column":40},"end":{"line":16,"column":41}},"loc":{"start":{"line":17,"column":0},"end":{"line":28,"column":1}},"line":17}},"branchMap":{},"s":{"0":0,"1":0,"2":0,"3":0},"f":{"0":0},"b":{}}
,"/home/tofiM/Zemoso/React/NewBlinkist/src/components/organisms/AppBar/MyAppBar.stories.tsx": {"path":"/home/tofiM/Zemoso/React/NewBlinkist/src/components/organisms/AppBar/MyAppBar.stories.tsx","statementMap":{"0":{"start":{"line":11,"column":51},"end":{"line":11,"column":116}},"1":{"start":{"line":11,"column":61},"end":{"line":11,"column":116}},"2":{"start":{"line":13,"column":27},"end":{"line":13,"column":44}}},"fnMap":{"0":{"name":"(anonymous_0)","decl":{"start":{"line":11,"column":51},"end":{"line":11,"column":52}},"loc":{"start":{"line":11,"column":61},"end":{"line":11,"column":116}},"line":11}},"branchMap":{},"s":{"0":0,"1":0,"2":0},"f":{"0":0},"b":{}}
,"/home/tofiM/Zemoso/React/NewBlinkist/src/components/organisms/AppBar/MyAppBar.tsx": {"path":"/home/tofiM/Zemoso/React/NewBlinkist/src/components/organisms/AppBar/MyAppBar.tsx","statementMap":{"0":{"start":{"line":17,"column":16},"end":{"line":143,"column":2}},"1":{"start":{"line":153,"column":46},"end":{"line":271,"column":1}},"2":{"start":{"line":156,"column":18},"end":{"line":156,"column":29}},"3":{"start":{"line":157,"column":29},"end":{"line":157,"column":40}},"4":{"start":{"line":160,"column":24},"end":{"line":163,"column":5}},"5":{"start":{"line":162,"column":7},"end":{"line":162,"column":20}},"6":{"start":{"line":165,"column":66},"end":{"line":169,"column":5}},"7":{"start":{"line":167,"column":7},"end":{"line":167,"column":20}},"8":{"start":{"line":168,"column":7},"end":{"line":168,"column":27}},"9":{"start":{"line":176,"column":4},"end":{"line":270,"column":6}},"10":{"start":{"line":198,"column":78},"end":{"line":198,"column":126}},"11":{"start":{"line":217,"column":48},"end":{"line":217,"column":72}}},"fnMap":{"0":{"name":"(anonymous_0)","decl":{"start":{"line":153,"column":46},"end":{"line":153,"column":47}},"loc":{"start":{"line":154,"column":0},"end":{"line":271,"column":1}},"line":154},"1":{"name":"(anonymous_1)","decl":{"start":{"line":160,"column":24},"end":{"line":160,"column":25}},"loc":{"start":{"line":161,"column":4},"end":{"line":163,"column":5}},"line":161},"2":{"name":"(anonymous_2)","decl":{"start":{"line":165,"column":66},"end":{"line":165,"column":67}},"loc":{"start":{"line":166,"column":4},"end":{"line":169,"column":5}},"line":166},"3":{"name":"(anonymous_3)","decl":{"start":{"line":198,"column":69},"end":{"line":198,"column":70}},"loc":{"start":{"line":198,"column":78},"end":{"line":198,"column":126}},"line":198},"4":{"name":"(anonymous_4)","decl":{"start":{"line":217,"column":41},"end":{"line":217,"column":42}},"loc":{"start":{"line":217,"column":48},"end":{"line":217,"column":72}},"line":217}},"branchMap":{"0":{"loc":{"start":{"line":196,"column":10},"end":{"line":208,"column":12}},"type":"binary-expr","locations":[{"start":{"line":196,"column":10},"end":{"line":196,"column":20}},{"start":{"line":196,"column":24},"end":{"line":208,"column":12}}],"line":196},"1":{"loc":{"start":{"line":210,"column":11},"end":{"line":236,"column":38}},"type":"binary-expr","locations":[{"start":{"line":210,"column":11},"end":{"line":210,"column":21}},{"start":{"line":211,"column":11},"end":{"line":236,"column":38}}],"line":210}},"s":{"0":1,"1":1,"2":5,"3":4,"4":4,"5":0,"6":4,"7":0,"8":0,"9":4,"10":0,"11":0},"f":{"0":5,"1":0,"2":0,"3":0,"4":0},"b":{"0":[4,0],"1":[4,4]},"_coverageSchema":"1a1c01bbd47fc00a2c39e90264f33305004495a9","hash":"208150d6d1e302eb307ead952e90807be58485ad"}
,"/home/tofiM/Zemoso/React/NewBlinkist/src/components/organisms/AppBarWithCategories/AppBarWithCategories.stories.tsx": {"path":"/home/tofiM/Zemoso/React/NewBlinkist/src/components/organisms/AppBarWithCategories/AppBarWithCategories.stories.tsx","statementMap":{"0":{"start":{"line":11,"column":61},"end":{"line":11,"column":138}},"1":{"start":{"line":11,"column":71},"end":{"line":11,"column":138}},"2":{"start":{"line":13,"column":36},"end":{"line":13,"column":53}}},"fnMap":{"0":{"name":"(anonymous_0)","decl":{"start":{"line":11,"column":61},"end":{"line":11,"column":62}},"loc":{"start":{"line":11,"column":71},"end":{"line":11,"column":138}},"line":11}},"branchMap":{},"s":{"0":0,"1":0,"2":0},"f":{"0":0},"b":{}}
,"/home/tofiM/Zemoso/React/NewBlinkist/src/components/organisms/AppBarWithCategories/AppBarWithCategories.tsx": {"path":"/home/tofiM/Zemoso/React/NewBlinkist/src/components/organisms/AppBarWithCategories/AppBarWithCategories.tsx","statementMap":{"0":{"start":{"line":14,"column":16},"end":{"line":124,"column":2}},"1":{"start":{"line":132,"column":58},"end":{"line":230,"column":1}},"2":{"start":{"line":135,"column":18},"end":{"line":135,"column":29}},"3":{"start":{"line":139,"column":4},"end":{"line":229,"column":6}},"4":{"start":{"line":167,"column":29},"end":{"line":167,"column":52}}},"fnMap":{"0":{"name":"(anonymous_0)","decl":{"start":{"line":132,"column":58},"end":{"line":132,"column":59}},"loc":{"start":{"line":133,"column":0},"end":{"line":230,"column":1}},"line":133},"1":{"name":"(anonymous_1)","decl":{"start":{"line":167,"column":24},"end":{"line":167,"column":25}},"loc":{"start":{"line":167,"column":29},"end":{"line":167,"column":52}},"line":167}},"branchMap":{},"s":{"0":1,"1":1,"2":6,"3":5,"4":0},"f":{"0":6,"1":0},"b":{},"_coverageSchema":"1a1c01bbd47fc00a2c39e90264f33305004495a9","hash":"085c5aa5d6ee5da4114d5f1840739f8754b03cb4"}
,"/home/tofiM/Zemoso/React/NewBlinkist/src/components/organisms/BeyondEntrepreneurship/BeyondEntrepreneurship.stories.tsx": {"path":"/home/tofiM/Zemoso/React/NewBlinkist/src/components/organisms/BeyondEntrepreneurship/BeyondEntrepreneurship.stories.tsx","statementMap":{"0":{"start":{"line":11,"column":63},"end":{"line":11,"column":142}},"1":{"start":{"line":11,"column":73},"end":{"line":11,"column":142}},"2":{"start":{"line":13,"column":26},"end":{"line":13,"column":43}}},"fnMap":{"0":{"name":"(anonymous_0)","decl":{"start":{"line":11,"column":63},"end":{"line":11,"column":64}},"loc":{"start":{"line":11,"column":73},"end":{"line":11,"column":142}},"line":11}},"branchMap":{},"s":{"0":0,"1":0,"2":0},"f":{"0":0},"b":{}}
,"/home/tofiM/Zemoso/React/NewBlinkist/src/components/organisms/BeyondEntrepreneurship/BeyondEntrepreneurship.tsx": {"path":"/home/tofiM/Zemoso/React/NewBlinkist/src/components/organisms/BeyondEntrepreneurship/BeyondEntrepreneurship.tsx","statementMap":{"0":{"start":{"line":13,"column":12},"end":{"line":24,"column":2}},"1":{"start":{"line":26,"column":17},"end":{"line":167,"column":3}},"2":{"start":{"line":170,"column":42},"end":{"line":185,"column":2}},"3":{"start":{"line":172,"column":19},"end":{"line":172,"column":30}},"4":{"start":{"line":173,"column":7},"end":{"line":184,"column":9}},"5":{"start":{"line":187,"column":38},"end":{"line":208,"column":2}},"6":{"start":{"line":190,"column":18},"end":{"line":190,"column":29}},"7":{"start":{"line":191,"column":5},"end":{"line":207,"column":7}},"8":{"start":{"line":210,"column":42},"end":{"line":239,"column":2}},"9":{"start":{"line":213,"column":27},"end":{"line":213,"column":38}},"10":{"start":{"line":215,"column":25},"end":{"line":218,"column":7}},"11":{"start":{"line":217,"column":8},"end":{"line":217,"column":27}},"12":{"start":{"line":220,"column":18},"end":{"line":220,"column":29}},"13":{"start":{"line":221,"column":5},"end":{"line":238,"column":7}},"14":{"start":{"line":240,"column":46},"end":{"line":257,"column":2}},"15":{"start":{"line":242,"column":18},"end":{"line":242,"column":29}},"16":{"start":{"line":243,"column":4},"end":{"line":256,"column":6}},"17":{"start":{"line":259,"column":41},"end":{"line":320,"column":2}},"18":{"start":{"line":261,"column":18},"end":{"line":261,"column":29}},"19":{"start":{"line":263,"column":62},"end":{"line":273,"column":5}},"20":{"start":{"line":265,"column":5},"end":{"line":267,"column":10}},"21":{"start":{"line":265,"column":53},"end":{"line":265,"column":65}},"22":{"start":{"line":269,"column":8},"end":{"line":269,"column":37}},"23":{"start":{"line":274,"column":4},"end":{"line":319,"column":6}},"24":{"start":{"line":291,"column":65},"end":{"line":291,"column":77}},"25":{"start":{"line":322,"column":57},"end":{"line":395,"column":1}},"26":{"start":{"line":324,"column":19},"end":{"line":324,"column":30}},"27":{"start":{"line":327,"column":4},"end":{"line":394,"column":6}}},"fnMap":{"0":{"name":"(anonymous_0)","decl":{"start":{"line":170,"column":42},"end":{"line":170,"column":43}},"loc":{"start":{"line":171,"column":1},"end":{"line":185,"column":2}},"line":171},"1":{"name":"(anonymous_1)","decl":{"start":{"line":187,"column":38},"end":{"line":187,"column":39}},"loc":{"start":{"line":188,"column":1},"end":{"line":208,"column":2}},"line":188},"2":{"name":"(anonymous_2)","decl":{"start":{"line":210,"column":42},"end":{"line":210,"column":43}},"loc":{"start":{"line":211,"column":1},"end":{"line":239,"column":2}},"line":211},"3":{"name":"(anonymous_3)","decl":{"start":{"line":215,"column":25},"end":{"line":215,"column":26}},"loc":{"start":{"line":216,"column":6},"end":{"line":218,"column":7}},"line":216},"4":{"name":"(anonymous_4)","decl":{"start":{"line":240,"column":46},"end":{"line":240,"column":47}},"loc":{"start":{"line":240,"column":51},"end":{"line":257,"column":2}},"line":240},"5":{"name":"(anonymous_5)","decl":{"start":{"line":259,"column":41},"end":{"line":259,"column":42}},"loc":{"start":{"line":259,"column":46},"end":{"line":320,"column":2}},"line":259},"6":{"name":"(anonymous_6)","decl":{"start":{"line":263,"column":62},"end":{"line":263,"column":63}},"loc":{"start":{"line":263,"column":84},"end":{"line":273,"column":5}},"line":263},"7":{"name":"(anonymous_7)","decl":{"start":{"line":265,"column":28},"end":{"line":265,"column":29}},"loc":{"start":{"line":265,"column":53},"end":{"line":265,"column":65}},"line":265},"8":{"name":"(anonymous_8)","decl":{"start":{"line":291,"column":40},"end":{"line":291,"column":41}},"loc":{"start":{"line":291,"column":65},"end":{"line":291,"column":77}},"line":291},"9":{"name":"(anonymous_9)","decl":{"start":{"line":322,"column":57},"end":{"line":322,"column":58}},"loc":{"start":{"line":322,"column":62},"end":{"line":395,"column":1}},"line":322}},"branchMap":{"0":{"loc":{"start":{"line":233,"column":6},"end":{"line":233,"column":27}},"type":"binary-expr","locations":[{"start":{"line":233,"column":6},"end":{"line":233,"column":15}},{"start":{"line":233,"column":19},"end":{"line":233,"column":27}}],"line":233},"1":{"loc":{"start":{"line":265,"column":5},"end":{"line":267,"column":9}},"type":"binary-expr","locations":[{"start":{"line":265,"column":5},"end":{"line":265,"column":77}},{"start":{"line":265,"column":81},"end":{"line":267,"column":9}}],"line":265},"2":{"loc":{"start":{"line":291,"column":17},"end":{"line":302,"column":23}},"type":"binary-expr","locations":[{"start":{"line":291,"column":17},"end":{"line":291,"column":89}},{"start":{"line":292,"column":16},"end":{"line":302,"column":23}}],"line":291}},"s":{"0":0,"1":0,"2":0,"3":0,"4":0,"5":0,"6":0,"7":0,"8":0,"9":0,"10":0,"11":0,"12":0,"13":0,"14":0,"15":0,"16":0,"17":0,"18":0,"19":0,"20":0,"21":0,"22":0,"23":0,"24":0,"25":0,"26":0,"27":0},"f":{"0":0,"1":0,"2":0,"3":0,"4":0,"5":0,"6":0,"7":0,"8":0,"9":0},"b":{"0":[0,0],"1":[0,0],"2":[0,0]}}
,"/home/tofiM/Zemoso/React/NewBlinkist/src/components/organisms/ExploreBooks/ExploreBooks.stories.tsx": {"path":"/home/tofiM/Zemoso/React/NewBlinkist/src/components/organisms/ExploreBooks/ExploreBooks.stories.tsx","statementMap":{"0":{"start":{"line":9,"column":52},"end":{"line":9,"column":87}},"1":{"start":{"line":9,"column":61},"end":{"line":9,"column":87}},"2":{"start":{"line":11,"column":33},"end":{"line":11,"column":50}}},"fnMap":{"0":{"name":"(anonymous_0)","decl":{"start":{"line":9,"column":52},"end":{"line":9,"column":53}},"loc":{"start":{"line":9,"column":61},"end":{"line":9,"column":87}},"line":9}},"branchMap":{},"s":{"0":0,"1":0,"2":0},"f":{"0":0},"b":{}}
,"/home/tofiM/Zemoso/React/NewBlinkist/src/components/organisms/ExploreBooks/ExploreBooks.tsx": {"path":"/home/tofiM/Zemoso/React/NewBlinkist/src/components/organisms/ExploreBooks/ExploreBooks.tsx","statementMap":{"0":{"start":{"line":6,"column":16},"end":{"line":69,"column":2}},"1":{"start":{"line":70,"column":45},"end":{"line":120,"column":1}},"2":{"start":{"line":72,"column":18},"end":{"line":72,"column":29}},"3":{"start":{"line":74,"column":5},"end":{"line":119,"column":7}}},"fnMap":{"0":{"name":"(anonymous_0)","decl":{"start":{"line":70,"column":45},"end":{"line":70,"column":46}},"loc":{"start":{"line":71,"column":0},"end":{"line":120,"column":1}},"line":71}},"branchMap":{},"s":{"0":0,"1":0,"2":0,"3":0},"f":{"0":0},"b":{}}
,"/home/tofiM/Zemoso/React/NewBlinkist/src/components/organisms/ExploreCategories/ExploreByCategory.tsx": {"path":"/home/tofiM/Zemoso/React/NewBlinkist/src/components/organisms/ExploreCategories/ExploreByCategory.tsx","statementMap":{"0":{"start":{"line":10,"column":50},"end":{"line":57,"column":1}},"1":{"start":{"line":12,"column":4},"end":{"line":56,"column":6}}},"fnMap":{"0":{"name":"(anonymous_0)","decl":{"start":{"line":10,"column":50},"end":{"line":10,"column":51}},"loc":{"start":{"line":11,"column":0},"end":{"line":57,"column":1}},"line":11}},"branchMap":{},"s":{"0":1,"1":5},"f":{"0":5},"b":{},"_coverageSchema":"1a1c01bbd47fc00a2c39e90264f33305004495a9","hash":"f43fd3f6b36d9bf55c1f37d031467628b48051d6"}
,"/home/tofiM/Zemoso/React/NewBlinkist/src/components/organisms/ExploreCategories/ExploreCategories.stories.tsx": {"path":"/home/tofiM/Zemoso/React/NewBlinkist/src/components/organisms/ExploreCategories/ExploreCategories.stories.tsx","statementMap":{"0":{"start":{"line":10,"column":58},"end":{"line":10,"column":132}},"1":{"start":{"line":10,"column":68},"end":{"line":10,"column":132}},"2":{"start":{"line":12,"column":34},"end":{"line":12,"column":51}}},"fnMap":{"0":{"name":"(anonymous_0)","decl":{"start":{"line":10,"column":58},"end":{"line":10,"column":59}},"loc":{"start":{"line":10,"column":68},"end":{"line":10,"column":132}},"line":10}},"branchMap":{},"s":{"0":0,"1":0,"2":0},"f":{"0":0},"b":{}}
,"/home/tofiM/Zemoso/React/NewBlinkist/src/components/organisms/ExploreCategories/ExploreCategories.tsx": {"path":"/home/tofiM/Zemoso/React/NewBlinkist/src/components/organisms/ExploreCategories/ExploreCategories.tsx","statementMap":{"0":{"start":{"line":9,"column":16},"end":{"line":21,"column":2}},"1":{"start":{"line":24,"column":50},"end":{"line":78,"column":1}},"2":{"start":{"line":28,"column":18},"end":{"line":28,"column":29}},"3":{"start":{"line":32,"column":4},"end":{"line":76,"column":6}}},"fnMap":{"0":{"name":"(anonymous_0)","decl":{"start":{"line":24,"column":50},"end":{"line":24,"column":51}},"loc":{"start":{"line":25,"column":0},"end":{"line":78,"column":1}},"line":25}},"branchMap":{},"s":{"0":1,"1":1,"2":5,"3":5},"f":{"0":5},"b":{},"_coverageSchema":"1a1c01bbd47fc00a2c39e90264f33305004495a9","hash":"bd4c01f16150b168a826dd10f957540e0caeb289"}
,"/home/tofiM/Zemoso/React/NewBlinkist/src/components/organisms/ExploreCategories/Headers.tsx": {"path":"/home/tofiM/Zemoso/React/NewBlinkist/src/components/organisms/ExploreCategories/Headers.tsx","statementMap":{"0":{"start":{"line":6,"column":16},"end":{"line":20,"column":2}},"1":{"start":{"line":22,"column":40},"end":{"line":50,"column":1}},"2":{"start":{"line":24,"column":18},"end":{"line":24,"column":29}},"3":{"start":{"line":25,"column":4},"end":{"line":49,"column":6}}},"fnMap":{"0":{"name":"(anonymous_0)","decl":{"start":{"line":22,"column":40},"end":{"line":22,"column":41}},"loc":{"start":{"line":23,"column":0},"end":{"line":50,"column":1}},"line":23}},"branchMap":{},"s":{"0":1,"1":1,"2":5,"3":5},"f":{"0":5},"b":{},"_coverageSchema":"1a1c01bbd47fc00a2c39e90264f33305004495a9","hash":"f5880a770ccb68d6fcc24323a7a2e40462ce3b26"}
,"/home/tofiM/Zemoso/React/NewBlinkist/src/components/organisms/ExploreCategories/Populartitles.tsx": {"path":"/home/tofiM/Zemoso/React/NewBlinkist/src/components/organisms/ExploreCategories/Populartitles.tsx","statementMap":{"0":{"start":{"line":11,"column":46},"end":{"line":58,"column":1}},"1":{"start":{"line":13,"column":4},"end":{"line":57,"column":6}}},"fnMap":{"0":{"name":"(anonymous_0)","decl":{"start":{"line":11,"column":46},"end":{"line":11,"column":47}},"loc":{"start":{"line":12,"column":0},"end":{"line":58,"column":1}},"line":12}},"branchMap":{},"s":{"0":1,"1":5},"f":{"0":5},"b":{},"_coverageSchema":"1a1c01bbd47fc00a2c39e90264f33305004495a9","hash":"ac30e5601c2e99924651e444aad8a12387adc570"}
,"/home/tofiM/Zemoso/React/NewBlinkist/src/components/organisms/ExploreCategories/RecentlyAddedTitles.tsx": {"path":"/home/tofiM/Zemoso/React/NewBlinkist/src/components/organisms/ExploreCategories/RecentlyAddedTitles.tsx","statementMap":{"0":{"start":{"line":11,"column":52},"end":{"line":57,"column":1}},"1":{"start":{"line":13,"column":4},"end":{"line":56,"column":6}}},"fnMap":{"0":{"name":"(anonymous_0)","decl":{"start":{"line":11,"column":52},"end":{"line":11,"column":53}},"loc":{"start":{"line":12,"column":0},"end":{"line":57,"column":1}},"line":12}},"branchMap":{},"s":{"0":1,"1":5},"f":{"0":5},"b":{},"_coverageSchema":"1a1c01bbd47fc00a2c39e90264f33305004495a9","hash":"efd026b2ab26f80423ef9d264c39b125ca3ec0c4"}
,"/home/tofiM/Zemoso/React/NewBlinkist/src/components/organisms/Footer/Footer.stories.tsx": {"path":"/home/tofiM/Zemoso/React/NewBlinkist/src/components/organisms/Footer/Footer.stories.tsx","statementMap":{"0":{"start":{"line":9,"column":49},"end":{"line":9,"column":79}},"1":{"start":{"line":9,"column":59},"end":{"line":9,"column":79}},"2":{"start":{"line":11,"column":27},"end":{"line":11,"column":44}}},"fnMap":{"0":{"name":"(anonymous_0)","decl":{"start":{"line":9,"column":49},"end":{"line":9,"column":50}},"loc":{"start":{"line":9,"column":59},"end":{"line":9,"column":79}},"line":9}},"branchMap":{},"s":{"0":0,"1":0,"2":0},"f":{"0":0},"b":{}}
,"/home/tofiM/Zemoso/React/NewBlinkist/src/components/organisms/Footer/Footer.tsx": {"path":"/home/tofiM/Zemoso/React/NewBlinkist/src/components/organisms/Footer/Footer.tsx","statementMap":{"0":{"start":{"line":10,"column":16},"end":{"line":28,"column":2}},"1":{"start":{"line":33,"column":45},"end":{"line":89,"column":1}},"2":{"start":{"line":35,"column":18},"end":{"line":35,"column":29}},"3":{"start":{"line":36,"column":4},"end":{"line":88,"column":6}}},"fnMap":{"0":{"name":"(anonymous_0)","decl":{"start":{"line":33,"column":45},"end":{"line":33,"column":46}},"loc":{"start":{"line":34,"column":0},"end":{"line":89,"column":1}},"line":34}},"branchMap":{},"s":{"0":0,"1":0,"2":0,"3":0},"f":{"0":0},"b":{}}
,"/home/tofiM/Zemoso/React/NewBlinkist/src/components/organisms/Footer/BlinklistAndIdeas/BlinkListAndIdeas.tsx": {"path":"/home/tofiM/Zemoso/React/NewBlinkist/src/components/organisms/Footer/BlinklistAndIdeas/BlinkListAndIdeas.tsx","statementMap":{"0":{"start":{"line":5,"column":16},"end":{"line":26,"column":2}},"1":{"start":{"line":29,"column":55},"end":{"line":51,"column":1}},"2":{"start":{"line":31,"column":18},"end":{"line":31,"column":29}},"3":{"start":{"line":32,"column":4},"end":{"line":50,"column":6}}},"fnMap":{"0":{"name":"(anonymous_0)","decl":{"start":{"line":29,"column":55},"end":{"line":29,"column":56}},"loc":{"start":{"line":30,"column":0},"end":{"line":51,"column":1}},"line":30}},"branchMap":{},"s":{"0":0,"1":0,"2":0,"3":0},"f":{"0":0},"b":{}}
,"/home/tofiM/Zemoso/React/NewBlinkist/src/components/organisms/Footer/Company/Company.tsx": {"path":"/home/tofiM/Zemoso/React/NewBlinkist/src/components/organisms/Footer/Company/Company.tsx","statementMap":{"0":{"start":{"line":6,"column":16},"end":{"line":38,"column":2}},"1":{"start":{"line":40,"column":47},"end":{"line":94,"column":1}},"2":{"start":{"line":42,"column":18},"end":{"line":42,"column":29}},"3":{"start":{"line":43,"column":5},"end":{"line":93,"column":7}}},"fnMap":{"0":{"name":"(anonymous_0)","decl":{"start":{"line":40,"column":47},"end":{"line":40,"column":48}},"loc":{"start":{"line":41,"column":0},"end":{"line":94,"column":1}},"line":41}},"branchMap":{},"s":{"0":0,"1":0,"2":0,"3":0},"f":{"0":0},"b":{}}
,"/home/tofiM/Zemoso/React/NewBlinkist/src/components/organisms/Footer/Footer_Editorial/Editorial.tsx": {"path":"/home/tofiM/Zemoso/React/NewBlinkist/src/components/organisms/Footer/Footer_Editorial/Editorial.tsx","statementMap":{"0":{"start":{"line":4,"column":16},"end":{"line":36,"column":2}},"1":{"start":{"line":38,"column":49},"end":{"line":93,"column":1}},"2":{"start":{"line":40,"column":18},"end":{"line":40,"column":29}},"3":{"start":{"line":41,"column":5},"end":{"line":92,"column":7}}},"fnMap":{"0":{"name":"(anonymous_0)","decl":{"start":{"line":38,"column":49},"end":{"line":38,"column":50}},"loc":{"start":{"line":39,"column":0},"end":{"line":93,"column":1}},"line":39}},"branchMap":{},"s":{"0":0,"1":0,"2":0,"3":0},"f":{"0":0},"b":{}}
,"/home/tofiM/Zemoso/React/NewBlinkist/src/components/organisms/Footer/Sitemap/Sitemap.tsx": {"path":"/home/tofiM/Zemoso/React/NewBlinkist/src/components/organisms/Footer/Sitemap/Sitemap.tsx","statementMap":{"0":{"start":{"line":5,"column":16},"end":{"line":23,"column":2}},"1":{"start":{"line":25,"column":47},"end":{"line":40,"column":1}},"2":{"start":{"line":27,"column":18},"end":{"line":27,"column":29}},"3":{"start":{"line":29,"column":4},"end":{"line":39,"column":6}}},"fnMap":{"0":{"name":"(anonymous_0)","decl":{"start":{"line":25,"column":47},"end":{"line":25,"column":48}},"loc":{"start":{"line":26,"column":0},"end":{"line":40,"column":1}},"line":26}},"branchMap":{},"s":{"0":0,"1":0,"2":0,"3":0},"f":{"0":0},"b":{}}
,"/home/tofiM/Zemoso/React/NewBlinkist/src/components/organisms/Footer/UsefulLinks/UsefulLinks.tsx": {"path":"/home/tofiM/Zemoso/React/NewBlinkist/src/components/organisms/Footer/UsefulLinks/UsefulLinks.tsx","statementMap":{"0":{"start":{"line":4,"column":16},"end":{"line":36,"column":2}},"1":{"start":{"line":38,"column":51},"end":{"line":99,"column":1}},"2":{"start":{"line":40,"column":18},"end":{"line":40,"column":29}},"3":{"start":{"line":41,"column":5},"end":{"line":98,"column":7}}},"fnMap":{"0":{"name":"(anonymous_0)","decl":{"start":{"line":38,"column":51},"end":{"line":38,"column":52}},"loc":{"start":{"line":39,"column":0},"end":{"line":99,"column":1}},"line":39}},"branchMap":{},"s":{"0":0,"1":0,"2":0,"3":0},"f":{"0":0},"b":{}}
,"/home/tofiM/Zemoso/React/NewBlinkist/src/components/organisms/GridOfBooks/CurrentlyReading.tsx": {"path":"/home/tofiM/Zemoso/React/NewBlinkist/src/components/organisms/GridOfBooks/CurrentlyReading.tsx","statementMap":{"0":{"start":{"line":2,"column":9},"end":{"line":11,"column":3}},"1":{"start":{"line":13,"column":21},"end":{"line":13,"column":35}},"2":{"start":{"line":14,"column":23},"end":{"line":14,"column":54}}},"fnMap":{},"branchMap":{},"s":{"0":5,"1":5,"2":5},"f":{},"b":{},"_coverageSchema":"1a1c01bbd47fc00a2c39e90264f33305004495a9","hash":"67e8587043f08611b412aa0887cb7912f07c1251"}
,"/home/tofiM/Zemoso/React/NewBlinkist/src/components/organisms/GridOfBooks/FinishedReading.tsx": {"path":"/home/tofiM/Zemoso/React/NewBlinkist/src/components/organisms/GridOfBooks/FinishedReading.tsx","statementMap":{"0":{"start":{"line":1,"column":9},"end":{"line":2,"column":3}},"1":{"start":{"line":4,"column":22},"end":{"line":4,"column":36}},"2":{"start":{"line":5,"column":22},"end":{"line":5,"column":53}}},"fnMap":{},"branchMap":{},"s":{"0":4,"1":4,"2":4},"f":{},"b":{},"_coverageSchema":"1a1c01bbd47fc00a2c39e90264f33305004495a9","hash":"27e5b1e2a0833b161f020bbbe5ef19ae67c4550c"}
,"/home/tofiM/Zemoso/React/NewBlinkist/src/components/organisms/GridOfBooks/GridOfBooks.tsx": {"path":"/home/tofiM/Zemoso/React/NewBlinkist/src/components/organisms/GridOfBooks/GridOfBooks.tsx","statementMap":{"0":{"start":{"line":11,"column":16},"end":{"line":19,"column":2}},"1":{"start":{"line":26,"column":49},"end":{"line":50,"column":1}},"2":{"start":{"line":29,"column":18},"end":{"line":29,"column":29}},"3":{"start":{"line":30,"column":27},"end":{"line":30,"column":38}},"4":{"start":{"line":34,"column":4},"end":{"line":49,"column":6}},"5":{"start":{"line":39,"column":60},"end":{"line":39,"column":124}},"6":{"start":{"line":39,"column":239},"end":{"line":43,"column":15}},"7":{"start":{"line":41,"column":82},"end":{"line":41,"column":99}}},"fnMap":{"0":{"name":"(anonymous_0)","decl":{"start":{"line":26,"column":49},"end":{"line":26,"column":50}},"loc":{"start":{"line":27,"column":0},"end":{"line":50,"column":1}},"line":27},"1":{"name":"(anonymous_1)","decl":{"start":{"line":39,"column":33},"end":{"line":39,"column":34}},"loc":{"start":{"line":39,"column":60},"end":{"line":39,"column":124}},"line":39},"2":{"name":"(anonymous_2)","decl":{"start":{"line":39,"column":130},"end":{"line":39,"column":131}},"loc":{"start":{"line":39,"column":239},"end":{"line":43,"column":15}},"line":39},"3":{"name":"(anonymous_3)","decl":{"start":{"line":41,"column":78},"end":{"line":41,"column":79}},"loc":{"start":{"line":41,"column":82},"end":{"line":41,"column":99}},"line":41}},"branchMap":{},"s":{"0":2,"1":2,"2":11,"3":11,"4":11,"5":98,"6":74,"7":1},"f":{"0":11,"1":98,"2":74,"3":1},"b":{},"_coverageSchema":"1a1c01bbd47fc00a2c39e90264f33305004495a9","hash":"f220f65c97c42592d8dd3661b0c03028a11aa395"}
,"/home/tofiM/Zemoso/React/NewBlinkist/src/components/organisms/GridOfBooks/GridOfFinishedBooks.tsx": {"path":"/home/tofiM/Zemoso/React/NewBlinkist/src/components/organisms/GridOfBooks/GridOfFinishedBooks.tsx","statementMap":{"0":{"start":{"line":12,"column":16},"end":{"line":20,"column":2}},"1":{"start":{"line":24,"column":57},"end":{"line":48,"column":1}},"2":{"start":{"line":27,"column":18},"end":{"line":27,"column":29}},"3":{"start":{"line":28,"column":27},"end":{"line":28,"column":38}},"4":{"start":{"line":30,"column":4},"end":{"line":47,"column":6}},"5":{"start":{"line":36,"column":59},"end":{"line":36,"column":123}},"6":{"start":{"line":36,"column":237},"end":{"line":39,"column":15}},"7":{"start":{"line":38,"column":86},"end":{"line":38,"column":103}}},"fnMap":{"0":{"name":"(anonymous_0)","decl":{"start":{"line":24,"column":57},"end":{"line":24,"column":58}},"loc":{"start":{"line":25,"column":0},"end":{"line":48,"column":1}},"line":25},"1":{"name":"(anonymous_1)","decl":{"start":{"line":36,"column":32},"end":{"line":36,"column":33}},"loc":{"start":{"line":36,"column":59},"end":{"line":36,"column":123}},"line":36},"2":{"name":"(anonymous_2)","decl":{"start":{"line":36,"column":129},"end":{"line":36,"column":130}},"loc":{"start":{"line":36,"column":237},"end":{"line":39,"column":15}},"line":36},"3":{"name":"(anonymous_3)","decl":{"start":{"line":38,"column":82},"end":{"line":38,"column":83}},"loc":{"start":{"line":38,"column":86},"end":{"line":38,"column":103}},"line":38}},"branchMap":{},"s":{"0":2,"1":2,"2":7,"3":7,"4":7,"5":6,"6":6,"7":1},"f":{"0":7,"1":6,"2":6,"3":1},"b":{},"_coverageSchema":"1a1c01bbd47fc00a2c39e90264f33305004495a9","hash":"cfe8de624d0b02ab77f28060fbf4420a98b4f0c8"}
,"/home/tofiM/Zemoso/React/NewBlinkist/src/components/organisms/TrendingBlinks/FeaturedAudioBlinksdata.tsx": {"path":"/home/tofiM/Zemoso/React/NewBlinkist/src/components/organisms/TrendingBlinks/FeaturedAudioBlinksdata.tsx","statementMap":{"0":{"start":{"line":3,"column":15},"end":{"line":6,"column":3}},"1":{"start":{"line":8,"column":21},"end":{"line":8,"column":41}},"2":{"start":{"line":9,"column":30},"end":{"line":9,"column":53}}},"fnMap":{},"branchMap":{},"s":{"0":1,"1":1,"2":1},"f":{},"b":{},"_coverageSchema":"1a1c01bbd47fc00a2c39e90264f33305004495a9","hash":"f80cfea11f9d7a8059b6fe097b549878dc87b684"}
,"/home/tofiM/Zemoso/React/NewBlinkist/src/components/organisms/TrendingBlinks/JustAddeddata.tsx": {"path":"/home/tofiM/Zemoso/React/NewBlinkist/src/components/organisms/TrendingBlinks/JustAddeddata.tsx","statementMap":{"0":{"start":{"line":2,"column":11},"end":{"line":7,"column":3}},"1":{"start":{"line":9,"column":16},"end":{"line":9,"column":32}},"2":{"start":{"line":10,"column":20},"end":{"line":10,"column":34}}},"fnMap":{},"branchMap":{},"s":{"0":1,"1":1,"2":1},"f":{},"b":{},"_coverageSchema":"1a1c01bbd47fc00a2c39e90264f33305004495a9","hash":"9a75b6eef707a0155c1d577df34847b208169edd"}
,"/home/tofiM/Zemoso/React/NewBlinkist/src/components/organisms/TrendingBlinks/TrendingBlinks.stories.tsx": {"path":"/home/tofiM/Zemoso/React/NewBlinkist/src/components/organisms/TrendingBlinks/TrendingBlinks.stories.tsx","statementMap":{"0":{"start":{"line":11,"column":55},"end":{"line":11,"column":125}},"1":{"start":{"line":11,"column":64},"end":{"line":11,"column":125}},"2":{"start":{"line":13,"column":34},"end":{"line":13,"column":51}}},"fnMap":{"0":{"name":"(anonymous_0)","decl":{"start":{"line":11,"column":55},"end":{"line":11,"column":56}},"loc":{"start":{"line":11,"column":64},"end":{"line":11,"column":125}},"line":11}},"branchMap":{},"s":{"0":0,"1":0,"2":0},"f":{"0":0},"b":{}}
,"/home/tofiM/Zemoso/React/NewBlinkist/src/components/organisms/TrendingBlinks/TrendingBlinks.tsx": {"path":"/home/tofiM/Zemoso/React/NewBlinkist/src/components/organisms/TrendingBlinks/TrendingBlinks.tsx","statementMap":{"0":{"start":{"line":14,"column":16},"end":{"line":39,"column":2}},"1":{"start":{"line":53,"column":45},"end":{"line":130,"column":1}},"2":{"start":{"line":56,"column":18},"end":{"line":56,"column":29}},"3":{"start":{"line":57,"column":39},"end":{"line":57,"column":51}},"4":{"start":{"line":59,"column":4},"end":{"line":129,"column":6}},"5":{"start":{"line":64,"column":76},"end":{"line":64,"column":109}},"6":{"start":{"line":83,"column":49},"end":{"line":83,"column":107}},"7":{"start":{"line":83,"column":136},"end":{"line":89,"column":15}},"8":{"start":{"line":102,"column":44},"end":{"line":102,"column":102}},"9":{"start":{"line":102,"column":130},"end":{"line":106,"column":15}},"10":{"start":{"line":118,"column":54},"end":{"line":118,"column":112}},"11":{"start":{"line":118,"column":140},"end":{"line":122,"column":15}}},"fnMap":{"0":{"name":"(anonymous_0)","decl":{"start":{"line":53,"column":45},"end":{"line":53,"column":46}},"loc":{"start":{"line":54,"column":0},"end":{"line":130,"column":1}},"line":54},"1":{"name":"(anonymous_1)","decl":{"start":{"line":64,"column":67},"end":{"line":64,"column":68}},"loc":{"start":{"line":64,"column":76},"end":{"line":64,"column":109}},"line":64},"2":{"name":"(anonymous_2)","decl":{"start":{"line":83,"column":35},"end":{"line":83,"column":36}},"loc":{"start":{"line":83,"column":49},"end":{"line":83,"column":107}},"line":83},"3":{"name":"(anonymous_3)","decl":{"start":{"line":83,"column":113},"end":{"line":83,"column":114}},"loc":{"start":{"line":83,"column":136},"end":{"line":89,"column":15}},"line":83},"4":{"name":"(anonymous_4)","decl":{"start":{"line":102,"column":30},"end":{"line":102,"column":31}},"loc":{"start":{"line":102,"column":44},"end":{"line":102,"column":102}},"line":102},"5":{"name":"(anonymous_5)","decl":{"start":{"line":102,"column":108},"end":{"line":102,"column":109}},"loc":{"start":{"line":102,"column":130},"end":{"line":106,"column":15}},"line":102},"6":{"name":"(anonymous_6)","decl":{"start":{"line":118,"column":40},"end":{"line":118,"column":41}},"loc":{"start":{"line":118,"column":54},"end":{"line":118,"column":112}},"line":118},"7":{"name":"(anonymous_7)","decl":{"start":{"line":118,"column":118},"end":{"line":118,"column":119}},"loc":{"start":{"line":118,"column":140},"end":{"line":122,"column":15}},"line":118}},"branchMap":{},"s":{"0":1,"1":1,"2":11,"3":11,"4":11,"5":3,"6":66,"7":49,"8":33,"9":26,"10":33,"11":25},"f":{"0":11,"1":3,"2":66,"3":49,"4":33,"5":26,"6":33,"7":25},"b":{},"_coverageSchema":"1a1c01bbd47fc00a2c39e90264f33305004495a9","hash":"ccb879c5ecc6b8ccb1157ffeb1b62c06398627ea"}
,"/home/tofiM/Zemoso/React/NewBlinkist/src/components/organisms/TrendingBlinks/TrendingBlinksdata.tsx": {"path":"/home/tofiM/Zemoso/React/NewBlinkist/src/components/organisms/TrendingBlinks/TrendingBlinksdata.tsx","statementMap":{"0":{"start":{"line":2,"column":15},"end":{"line":8,"column":3}},"1":{"start":{"line":10,"column":21},"end":{"line":10,"column":41}},"2":{"start":{"line":11,"column":25},"end":{"line":11,"column":48}}},"fnMap":{},"branchMap":{},"s":{"0":1,"1":1,"2":1},"f":{},"b":{},"_coverageSchema":"1a1c01bbd47fc00a2c39e90264f33305004495a9","hash":"400e55bc8887f84e510ca84d4abb26e49e9779dc"}
,"/home/tofiM/Zemoso/React/NewBlinkist/src/components/themes/theme.tsx": {"path":"/home/tofiM/Zemoso/React/NewBlinkist/src/components/themes/theme.tsx","statementMap":{"0":{"start":{"line":3,"column":14},"end":{"line":75,"column":2}}},"fnMap":{},"branchMap":{},"s":{"0":0},"f":{},"b":{}}
,"/home/tofiM/Zemoso/React/NewBlinkist/src/pages/Page2.tsx": {"path":"/home/tofiM/Zemoso/React/NewBlinkist/src/pages/Page2.tsx","statementMap":{"0":{"start":{"line":9,"column":40},"end":{"line":48,"column":1}},"1":{"start":{"line":13,"column":27},"end":{"line":13,"column":38}},"2":{"start":{"line":15,"column":23},"end":{"line":18,"column":4}},"3":{"start":{"line":16,"column":5},"end":{"line":16,"column":24}},"4":{"start":{"line":19,"column":4},"end":{"line":46,"column":6}}},"fnMap":{"0":{"name":"(anonymous_0)","decl":{"start":{"line":9,"column":40},"end":{"line":9,"column":41}},"loc":{"start":{"line":10,"column":0},"end":{"line":48,"column":1}},"line":10},"1":{"name":"(anonymous_1)","decl":{"start":{"line":15,"column":23},"end":{"line":15,"column":24}},"loc":{"start":{"line":15,"column":84},"end":{"line":18,"column":4}},"line":15}},"branchMap":{"0":{"loc":{"start":{"line":24,"column":6},"end":{"line":24,"column":71}},"type":"binary-expr","locations":[{"start":{"line":24,"column":6},"end":{"line":24,"column":15}},{"start":{"line":24,"column":20},"end":{"line":24,"column":71}}],"line":24},"1":{"loc":{"start":{"line":25,"column":5},"end":{"line":25,"column":58}},"type":"binary-expr","locations":[{"start":{"line":25,"column":5},"end":{"line":25,"column":14}},{"start":{"line":25,"column":18},"end":{"line":25,"column":58}}],"line":25}},"s":{"0":0,"1":0,"2":0,"3":0,"4":0},"f":{"0":0,"1":0},"b":{"0":[0,0],"1":[0,0]}}
,"/home/tofiM/Zemoso/React/NewBlinkist/src/pages/Page3.tsx": {"path":"/home/tofiM/Zemoso/React/NewBlinkist/src/pages/Page3.tsx","statementMap":{"0":{"start":{"line":10,"column":16},"end":{"line":26,"column":2}},"1":{"start":{"line":27,"column":40},"end":{"line":65,"column":1}},"2":{"start":{"line":32,"column":27},"end":{"line":32,"column":38}},"3":{"start":{"line":34,"column":23},"end":{"line":36,"column":5}},"4":{"start":{"line":35,"column":5},"end":{"line":35,"column":24}},"5":{"start":{"line":38,"column":18},"end":{"line":38,"column":29}},"6":{"start":{"line":40,"column":4},"end":{"line":64,"column":6}}},"fnMap":{"0":{"name":"(anonymous_0)","decl":{"start":{"line":27,"column":40},"end":{"line":27,"column":41}},"loc":{"start":{"line":28,"column":0},"end":{"line":65,"column":1}},"line":28},"1":{"name":"(anonymous_1)","decl":{"start":{"line":34,"column":23},"end":{"line":34,"column":24}},"loc":{"start":{"line":34,"column":84},"end":{"line":36,"column":5}},"line":34}},"branchMap":{"0":{"loc":{"start":{"line":45,"column":17},"end":{"line":45,"column":82}},"type":"binary-expr","locations":[{"start":{"line":45,"column":17},"end":{"line":45,"column":26}},{"start":{"line":45,"column":31},"end":{"line":45,"column":82}}],"line":45},"1":{"loc":{"start":{"line":46,"column":16},"end":{"line":46,"column":69}},"type":"binary-expr","locations":[{"start":{"line":46,"column":16},"end":{"line":46,"column":25}},{"start":{"line":46,"column":29},"end":{"line":46,"column":69}}],"line":46}},"s":{"0":0,"1":0,"2":0,"3":0,"4":0,"5":0,"6":0},"f":{"0":0,"1":0},"b":{"0":[0,0],"1":[0,0]}}
,"/home/tofiM/Zemoso/React/NewBlinkist/src/stories/Button.stories.tsx": {"path":"/home/tofiM/Zemoso/React/NewBlinkist/src/stories/Button.stories.tsx","statementMap":{"0":{"start":{"line":17,"column":48},"end":{"line":17,"column":78}},"1":{"start":{"line":17,"column":58},"end":{"line":17,"column":78}},"2":{"start":{"line":19,"column":23},"end":{"line":19,"column":40}},"3":{"start":{"line":21,"column":0},"end":{"line":24,"column":2}},"4":{"start":{"line":26,"column":25},"end":{"line":26,"column":42}},"5":{"start":{"line":27,"column":0},"end":{"line":29,"column":2}},"6":{"start":{"line":31,"column":21},"end":{"line":31,"column":38}},"7":{"start":{"line":32,"column":0},"end":{"line":35,"column":2}},"8":{"start":{"line":37,"column":21},"end":{"line":37,"column":38}},"9":{"start":{"line":38,"column":0},"end":{"line":41,"column":2}}},"fnMap":{"0":{"name":"(anonymous_0)","decl":{"start":{"line":17,"column":48},"end":{"line":17,"column":49}},"loc":{"start":{"line":17,"column":58},"end":{"line":17,"column":78}},"line":17}},"branchMap":{},"s":{"0":0,"1":0,"2":0,"3":0,"4":0,"5":0,"6":0,"7":0,"8":0,"9":0},"f":{"0":0},"b":{}}
,"/home/tofiM/Zemoso/React/NewBlinkist/src/stories/Button.tsx": {"path":"/home/tofiM/Zemoso/React/NewBlinkist/src/stories/Button.tsx","statementMap":{"0":{"start":{"line":30,"column":22},"end":{"line":48,"column":1}},"1":{"start":{"line":37,"column":15},"end":{"line":37,"column":84}},"2":{"start":{"line":38,"column":2},"end":{"line":47,"column":4}}},"fnMap":{"0":{"name":"(anonymous_0)","decl":{"start":{"line":30,"column":22},"end":{"line":30,"column":23}},"loc":{"start":{"line":36,"column":19},"end":{"line":48,"column":1}},"line":36}},"branchMap":{"0":{"loc":{"start":{"line":31,"column":2},"end":{"line":31,"column":17}},"type":"default-arg","locations":[{"start":{"line":31,"column":12},"end":{"line":31,"column":17}}],"line":31},"1":{"loc":{"start":{"line":32,"column":2},"end":{"line":32,"column":17}},"type":"default-arg","locations":[{"start":{"line":32,"column":9},"end":{"line":32,"column":17}}],"line":32},"2":{"loc":{"start":{"line":37,"column":15},"end":{"line":37,"column":84}},"type":"cond-expr","locations":[{"start":{"line":37,"column":25},"end":{"line":37,"column":52}},{"start":{"line":37,"column":55},"end":{"line":37,"column":84}}],"line":37}},"s":{"0":0,"1":0,"2":0},"f":{"0":0},"b":{"0":[0],"1":[0],"2":[0,0]}}
,"/home/tofiM/Zemoso/React/NewBlinkist/src/stories/Header.stories.tsx": {"path":"/home/tofiM/Zemoso/React/NewBlinkist/src/stories/Header.stories.tsx","statementMap":{"0":{"start":{"line":11,"column":48},"end":{"line":11,"column":78}},"1":{"start":{"line":11,"column":58},"end":{"line":11,"column":78}},"2":{"start":{"line":13,"column":24},"end":{"line":13,"column":41}},"3":{"start":{"line":14,"column":0},"end":{"line":16,"column":2}},"4":{"start":{"line":18,"column":25},"end":{"line":18,"column":42}},"5":{"start":{"line":19,"column":0},"end":{"line":19,"column":20}}},"fnMap":{"0":{"name":"(anonymous_0)","decl":{"start":{"line":11,"column":48},"end":{"line":11,"column":49}},"loc":{"start":{"line":11,"column":58},"end":{"line":11,"column":78}},"line":11}},"branchMap":{},"s":{"0":0,"1":0,"2":0,"3":0,"4":0,"5":0},"f":{"0":0},"b":{}}
,"/home/tofiM/Zemoso/React/NewBlinkist/src/stories/Header.tsx": {"path":"/home/tofiM/Zemoso/React/NewBlinkist/src/stories/Header.tsx","statementMap":{"0":{"start":{"line":13,"column":22},"end":{"line":47,"column":1}},"1":{"start":{"line":14,"column":2},"end":{"line":46,"column":11}}},"fnMap":{"0":{"name":"(anonymous_0)","decl":{"start":{"line":13,"column":22},"end":{"line":13,"column":23}},"loc":{"start":{"line":14,"column":2},"end":{"line":46,"column":11}},"line":14}},"branchMap":{"0":{"loc":{"start":{"line":36,"column":9},"end":{"line":43,"column":9}},"type":"cond-expr","locations":[{"start":{"line":37,"column":10},"end":{"line":37,"column":68}},{"start":{"line":39,"column":10},"end":{"line":42,"column":13}}],"line":36}},"s":{"0":0,"1":0},"f":{"0":0},"b":{"0":[0,0]}}
,"/home/tofiM/Zemoso/React/NewBlinkist/src/stories/Page.stories.tsx": {"path":"/home/tofiM/Zemoso/React/NewBlinkist/src/stories/Page.stories.tsx","statementMap":{"0":{"start":{"line":12,"column":46},"end":{"line":12,"column":74}},"1":{"start":{"line":12,"column":56},"end":{"line":12,"column":74}},"2":{"start":{"line":14,"column":24},"end":{"line":14,"column":41}},"3":{"start":{"line":15,"column":0},"end":{"line":18,"column":2}},"4":{"start":{"line":20,"column":25},"end":{"line":20,"column":42}},"5":{"start":{"line":21,"column":0},"end":{"line":23,"column":2}}},"fnMap":{"0":{"name":"(anonymous_0)","decl":{"start":{"line":12,"column":46},"end":{"line":12,"column":47}},"loc":{"start":{"line":12,"column":56},"end":{"line":12,"column":74}},"line":12}},"branchMap":{},"s":{"0":0,"1":0,"2":0,"3":0,"4":0,"5":0},"f":{"0":0},"b":{}}
,"/home/tofiM/Zemoso/React/NewBlinkist/src/stories/Page.tsx": {"path":"/home/tofiM/Zemoso/React/NewBlinkist/src/stories/Page.tsx","statementMap":{"0":{"start":{"line":13,"column":20},"end":{"line":67,"column":1}},"1":{"start":{"line":14,"column":2},"end":{"line":66,"column":12}}},"fnMap":{"0":{"name":"(anonymous_0)","decl":{"start":{"line":13,"column":20},"end":{"line":13,"column":21}},"loc":{"start":{"line":14,"column":2},"end":{"line":66,"column":12}},"line":14}},"branchMap":{},"s":{"0":0,"1":0},"f":{"0":0},"b":{}}
}
