TN:
SF:src/App.tsx
FN:12,App
FN:17,(anonymous_1)
FN:21,(anonymous_2)
FN:26,(anonymous_3)
FNF:4
FNH:0
FNDA:0,App
FNDA:0,(anonymous_1)
FNDA:0,(anonymous_2)
FNDA:0,(anonymous_3)
DA:14,0
DA:15,0
DA:17,0
DA:18,0
DA:21,0
DA:23,0
DA:26,0
DA:28,0
DA:34,0
LF:9
LH:0
BRDA:39,0,0,0
BRDA:39,0,1,0
BRDA:40,1,0,0
BRDA:40,1,1,0
BRF:4
BRH:0
end_of_record
TN:
SF:src/index.tsx
FNF:0
FNH:0
DA:15,0
DA:35,0
LF:2
LH:0
BRF:0
BRH:0
end_of_record
TN:
SF:src/reportWebVitals.ts
FN:3,(anonymous_0)
FN:5,(anonymous_1)
FNF:2
FNH:0
FNDA:0,(anonymous_0)
FNDA:0,(anonymous_1)
DA:3,0
DA:4,0
DA:5,0
DA:6,0
DA:7,0
DA:8,0
DA:9,0
DA:10,0
LF:8
LH:0
BRDA:4,0,0,0
BRDA:4,0,1,0
BRDA:4,1,0,0
BRDA:4,1,1,0
BRF:4
BRH:0
end_of_record
TN:
SF:src/components/atoms/ProgressBar.tsx
FN:27,(anonymous_0)
FNF:1
FNH:0
FNDA:0,(anonymous_0)
DA:6,1
DA:27,1
DA:29,0
DA:30,0
LF:4
LH:2
BRF:0
BRH:0
end_of_record
TN:
SF:src/components/atoms/Avatar/MyAvatar.stories.tsx
FN:11,(anonymous_0)
FNF:1
FNH:0
FNDA:0,(anonymous_0)
DA:11,0
DA:13,0
DA:14,0
DA:18,0
DA:19,0
LF:5
LH:0
BRF:0
BRH:0
end_of_record
TN:
SF:src/components/atoms/Avatar/MyAvatar.tsx
FN:19,(anonymous_0)
FNF:1
FNH:1
FNDA:11,(anonymous_0)
DA:5,3
DA:19,3
DA:21,11
DA:23,11
LF:4
LH:4
BRF:0
BRH:0
end_of_record
TN:
SF:src/components/atoms/Blinklistlogo/Blinklistlogo.stories.tsx
FN:10,(anonymous_0)
FNF:1
FNH:0
FNDA:0,(anonymous_0)
DA:10,0
DA:12,0
LF:2
LH:0
BRF:0
BRH:0
end_of_record
TN:
SF:src/components/atoms/Blinklistlogo/Blinklistlogo.tsx
FN:23,(anonymous_0)
FNF:1
FNH:1
FNDA:11,(anonymous_0)
DA:6,3
DA:23,3
DA:26,11
DA:28,11
LF:4
LH:4
BRF:0
BRH:0
end_of_record
TN:
SF:src/components/atoms/DownArrow/DownArrow.stories.tsx
FN:10,(anonymous_0)
FNF:1
FNH:0
FNDA:0,(anonymous_0)
DA:10,0
DA:12,0
LF:2
LH:0
BRF:0
BRH:0
end_of_record
TN:
SF:src/components/atoms/DownArrow/DownArrow.tsx
FN:26,(anonymous_0)
FNF:1
FNH:0
FNDA:0,(anonymous_0)
DA:5,0
DA:26,0
DA:28,0
DA:30,0
LF:4
LH:0
BRF:0
BRH:0
end_of_record
TN:
SF:src/components/atoms/MylibraryTitle/MyLibrary.stories.tsx
FN:9,(anonymous_0)
FNF:1
FNH:0
FNDA:0,(anonymous_0)
DA:9,0
DA:11,0
LF:2
LH:0
BRF:0
BRH:0
end_of_record
TN:
SF:src/components/atoms/MylibraryTitle/MyLibraryTitle.tsx
FN:25,(anonymous_0)
FNF:1
FNH:1
FNDA:1,(anonymous_0)
DA:6,1
DA:25,1
DA:27,1
DA:29,1
LF:4
LH:4
BRF:0
BRH:0
end_of_record
TN:
SF:src/components/atoms/PlusIcon/PlusIcon.tsx
FN:24,(anonymous_0)
FNF:1
FNH:1
FNDA:100,(anonymous_0)
DA:5,1
DA:24,1
DA:27,100
DA:28,100
LF:4
LH:4
BRDA:32,0,0,0
BRDA:32,0,1,100
BRF:2
BRH:1
end_of_record
TN:
SF:src/components/atoms/Searchicon/MySearchicon.stories.tsx
FN:9,(anonymous_0)
FNF:1
FNH:0
FNDA:0,(anonymous_0)
DA:9,0
DA:11,0
LF:2
LH:0
BRF:0
BRH:0
end_of_record
TN:
SF:src/components/atoms/Searchicon/MySearchicon.tsx
FN:24,(anonymous_0)
FNF:1
FNH:1
FNDA:9,(anonymous_0)
DA:7,2
DA:24,2
DA:27,9
DA:28,9
LF:4
LH:4
BRF:0
BRH:0
end_of_record
TN:
SF:src/components/atoms/Tabs/MyTabs.stories.tsx
FN:9,(anonymous_0)
FNF:1
FNH:0
FNDA:0,(anonymous_0)
DA:9,0
DA:11,0
LF:2
LH:0
BRF:0
BRH:0
end_of_record
TN:
SF:src/components/atoms/Tabs/MyTabs.tsx
FN:36,(anonymous_0)
FN:42,(anonymous_1)
FNF:2
FNH:1
FNDA:4,(anonymous_0)
FNDA:0,(anonymous_1)
DA:9,1
DA:18,1
DA:36,1
DA:38,4
DA:42,4
DA:44,0
DA:49,4
DA:52,4
LF:8
LH:7
BRDA:72,0,0,4
BRDA:72,0,1,4
BRDA:74,1,0,4
BRDA:74,1,1,0
BRF:4
BRH:3
end_of_record
TN:
SF:src/components/atoms/TimeIcon/TimeIcon.stories.tsx
FN:9,(anonymous_0)
FNF:1
FNH:0
FNDA:0,(anonymous_0)
DA:9,0
DA:11,0
LF:2
LH:0
BRF:0
BRH:0
end_of_record
TN:
SF:src/components/atoms/TimeIcon/TimeIcon.tsx
FN:22,(anonymous_0)
FNF:1
FNH:0
FNDA:0,(anonymous_0)
DA:9,0
DA:22,0
DA:24,0
DA:27,0
LF:4
LH:0
BRF:0
BRH:0
end_of_record
TN:
SF:src/components/atoms/UpArrow/UpArrow.tsx
FN:26,(anonymous_0)
FNF:1
FNH:0
FNDA:0,(anonymous_0)
DA:5,0
DA:26,0
DA:28,0
DA:30,0
LF:4
LH:0
BRDA:34,0,0,0
BRDA:34,0,1,0
BRF:2
BRH:0
end_of_record
TN:
SF:src/components/atoms/UserIcon/UserIcon.stories.tsx
FN:9,(anonymous_0)
FNF:1
FNH:0
FNDA:0,(anonymous_0)
DA:9,0
DA:11,0
LF:2
LH:0
BRF:0
BRH:0
end_of_record
TN:
SF:src/components/atoms/UserIcon/UserIcon.tsx
FN:8,(anonymous_0)
FNF:1
FNH:1
FNDA:184,(anonymous_0)
DA:8,5
DA:10,184
LF:2
LH:2
BRF:0
BRH:0
end_of_record
TN:
SF:src/components/molecules/BookCard/BookCard.stories.tsx
FN:18,(anonymous_0)
FN:20,(anonymous_1)
FN:28,(anonymous_2)
FN:63,(anonymous_3)
FNF:4
FNH:1
FNDA:0,(anonymous_0)
FNDA:0,(anonymous_1)
FNDA:100,(anonymous_2)
FNDA:0,(anonymous_3)
DA:18,1
DA:20,0
DA:28,1
DA:29,100
DA:54,1
DA:55,1
DA:63,1
DA:64,0
DA:68,1
DA:69,1
LF:10
LH:8
BRDA:20,0,0,0
BRDA:20,0,1,0
BRF:2
BRH:0
end_of_record
TN:
SF:src/components/molecules/BookCard/BookCard.tsx
FN:140,(anonymous_0)
FNF:1
FNH:1
FNDA:100,(anonymous_0)
DA:8,1
DA:21,1
DA:140,1
DA:142,100
DA:143,100
LF:5
LH:5
BRF:0
BRH:0
end_of_record
TN:
SF:src/components/molecules/BookCard/CurrentCard.stories.tsx
FN:11,(anonymous_0)
FNF:1
FNH:0
FNDA:0,(anonymous_0)
DA:11,0
DA:13,0
DA:14,0
DA:23,0
DA:24,0
LF:5
LH:0
BRF:0
BRH:0
end_of_record
TN:
SF:src/components/molecules/BookCard/CurrentCard.tsx
FN:147,(anonymous_0)
FN:150,(anonymous_1)
FN:154,(anonymous_2)
FN:156,(anonymous_3)
FN:163,(anonymous_4)
FN:165,(anonymous_5)
FN:199,(anonymous_6)
FNF:7
FNH:7
FNDA:84,(anonymous_0)
FNDA:2,(anonymous_1)
FNDA:9,(anonymous_2)
FNDA:1,(anonymous_3)
FNDA:1,(anonymous_4)
FNDA:1,(anonymous_5)
FNDA:2,(anonymous_6)
DA:11,4
DA:24,4
DA:147,4
DA:149,84
DA:150,84
DA:152,2
DA:154,9
DA:155,1
DA:156,1
DA:157,1
DA:158,1
DA:163,1
DA:164,1
DA:165,1
DA:166,1
DA:167,1
DA:171,84
DA:199,2
LF:18
LH:18
BRDA:152,0,0,1
BRDA:152,0,1,1
BRF:2
BRH:2
end_of_record
TN:
SF:src/components/molecules/Category/Category.stories.tsx
FN:13,(anonymous_0)
FNF:1
FNH:0
FNDA:0,(anonymous_0)
DA:13,0
DA:15,0
DA:16,0
LF:3
LH:0
BRF:0
BRH:0
end_of_record
TN:
SF:src/components/molecules/Category/Category.tsx
FN:38,(anonymous_0)
FNF:1
FNH:1
FNDA:91,(anonymous_0)
DA:13,2
DA:38,2
DA:41,91
DA:42,91
LF:4
LH:4
BRF:0
BRH:0
end_of_record
TN:
SF:src/components/molecules/SearchBar/SearchBar.stories.tsx
FN:9,(anonymous_0)
FNF:1
FNH:0
FNDA:0,(anonymous_0)
DA:9,0
DA:11,0
LF:2
LH:0
BRF:0
BRH:0
end_of_record
TN:
SF:src/components/molecules/SearchBar/SearchBar.tsx
FN:16,(anonymous_0)
FNF:1
FNH:0
FNDA:0,(anonymous_0)
DA:4,0
DA:16,0
DA:18,0
DA:19,0
LF:4
LH:0
BRF:0
BRH:0
end_of_record
TN:
SF:src/components/organisms/AppBar/MyAppBar.stories.tsx
FN:11,(anonymous_0)
FNF:1
FNH:0
FNDA:0,(anonymous_0)
DA:11,0
DA:13,0
LF:2
LH:0
BRF:0
BRH:0
end_of_record
TN:
SF:src/components/organisms/AppBar/MyAppBar.tsx
FN:153,(anonymous_0)
FN:160,(anonymous_1)
FN:165,(anonymous_2)
FN:198,(anonymous_3)
FN:217,(anonymous_4)
FNF:5
FNH:1
FNDA:5,(anonymous_0)
FNDA:0,(anonymous_1)
FNDA:0,(anonymous_2)
FNDA:0,(anonymous_3)
FNDA:0,(anonymous_4)
DA:17,1
DA:153,1
DA:156,5
DA:157,4
DA:160,4
DA:162,0
DA:165,4
DA:167,0
DA:168,0
DA:176,4
DA:198,0
DA:217,0
LF:12
LH:7
BRDA:196,0,0,4
BRDA:196,0,1,0
BRDA:210,1,0,4
BRDA:210,1,1,4
BRF:4
BRH:3
end_of_record
TN:
SF:src/components/organisms/AppBarWithCategories/AppBarWithCategories.stories.tsx
FN:11,(anonymous_0)
FNF:1
FNH:0
FNDA:0,(anonymous_0)
DA:11,0
DA:13,0
LF:2
LH:0
BRF:0
BRH:0
end_of_record
TN:
SF:src/components/organisms/AppBarWithCategories/AppBarWithCategories.tsx
FN:132,(anonymous_0)
FN:167,(anonymous_1)
FNF:2
FNH:1
FNDA:6,(anonymous_0)
FNDA:0,(anonymous_1)
DA:14,1
DA:132,1
DA:135,6
DA:139,5
DA:167,0
LF:5
LH:4
BRF:0
BRH:0
end_of_record
TN:
SF:src/components/organisms/BeyondEntrepreneurship/BeyondEntrepreneurship.stories.tsx
FN:11,(anonymous_0)
FNF:1
FNH:0
FNDA:0,(anonymous_0)
DA:11,0
DA:13,0
LF:2
LH:0
BRF:0
BRH:0
end_of_record
TN:
SF:src/components/organisms/BeyondEntrepreneurship/BeyondEntrepreneurship.tsx
FN:170,(anonymous_0)
FN:187,(anonymous_1)
FN:210,(anonymous_2)
FN:215,(anonymous_3)
FN:240,(anonymous_4)
FN:259,(anonymous_5)
FN:263,(anonymous_6)
FN:265,(anonymous_7)
FN:291,(anonymous_8)
FN:322,(anonymous_9)
FNF:10
FNH:0
FNDA:0,(anonymous_0)
FNDA:0,(anonymous_1)
FNDA:0,(anonymous_2)
FNDA:0,(anonymous_3)
FNDA:0,(anonymous_4)
FNDA:0,(anonymous_5)
FNDA:0,(anonymous_6)
FNDA:0,(anonymous_7)
FNDA:0,(anonymous_8)
FNDA:0,(anonymous_9)
DA:13,0
DA:26,0
DA:170,0
DA:172,0
DA:173,0
DA:187,0
DA:190,0
DA:191,0
DA:210,0
DA:213,0
DA:215,0
DA:217,0
DA:220,0
DA:221,0
DA:240,0
DA:242,0
DA:243,0
DA:259,0
DA:261,0
DA:263,0
DA:265,0
DA:269,0
DA:274,0
DA:291,0
DA:322,0
DA:324,0
DA:327,0
LF:27
LH:0
BRDA:233,0,0,0
BRDA:233,0,1,0
BRDA:265,1,0,0
BRDA:265,1,1,0
BRDA:291,2,0,0
BRDA:291,2,1,0
BRF:6
BRH:0
end_of_record
TN:
SF:src/components/organisms/ExploreBooks/ExploreBooks.stories.tsx
FN:9,(anonymous_0)
FNF:1
FNH:0
FNDA:0,(anonymous_0)
DA:9,0
DA:11,0
LF:2
LH:0
BRF:0
BRH:0
end_of_record
TN:
SF:src/components/organisms/ExploreBooks/ExploreBooks.tsx
FN:70,(anonymous_0)
FNF:1
FNH:0
FNDA:0,(anonymous_0)
DA:6,0
DA:70,0
DA:72,0
DA:74,0
LF:4
LH:0
BRF:0
BRH:0
end_of_record
TN:
SF:src/components/organisms/ExploreCategories/ExploreByCategory.tsx
FN:10,(anonymous_0)
FNF:1
FNH:1
FNDA:5,(anonymous_0)
DA:10,1
DA:12,5
LF:2
LH:2
BRF:0
BRH:0
end_of_record
TN:
SF:src/components/organisms/ExploreCategories/ExploreCategories.stories.tsx
FN:10,(anonymous_0)
FNF:1
FNH:0
FNDA:0,(anonymous_0)
DA:10,0
DA:12,0
LF:2
LH:0
BRF:0
BRH:0
end_of_record
TN:
SF:src/components/organisms/ExploreCategories/ExploreCategories.tsx
FN:24,(anonymous_0)
FNF:1
FNH:1
FNDA:5,(anonymous_0)
DA:9,1
DA:24,1
DA:28,5
DA:32,5
LF:4
LH:4
BRF:0
BRH:0
end_of_record
TN:
SF:src/components/organisms/ExploreCategories/Headers.tsx
FN:22,(anonymous_0)
FNF:1
FNH:1
FNDA:5,(anonymous_0)
DA:6,1
DA:22,1
DA:24,5
DA:25,5
LF:4
LH:4
BRF:0
BRH:0
end_of_record
TN:
SF:src/components/organisms/ExploreCategories/Populartitles.tsx
FN:11,(anonymous_0)
FNF:1
FNH:1
FNDA:5,(anonymous_0)
DA:11,1
DA:13,5
LF:2
LH:2
BRF:0
BRH:0
end_of_record
TN:
SF:src/components/organisms/ExploreCategories/RecentlyAddedTitles.tsx
FN:11,(anonymous_0)
FNF:1
FNH:1
FNDA:5,(anonymous_0)
DA:11,1
DA:13,5
LF:2
LH:2
BRF:0
BRH:0
end_of_record
TN:
SF:src/components/organisms/Footer/Footer.stories.tsx
FN:9,(anonymous_0)
FNF:1
FNH:0
FNDA:0,(anonymous_0)
DA:9,0
DA:11,0
LF:2
LH:0
BRF:0
BRH:0
end_of_record
TN:
SF:src/components/organisms/Footer/Footer.tsx
FN:33,(anonymous_0)
FNF:1
FNH:0
FNDA:0,(anonymous_0)
DA:10,0
DA:33,0
DA:35,0
DA:36,0
LF:4
LH:0
BRF:0
BRH:0
end_of_record
TN:
SF:src/components/organisms/Footer/BlinklistAndIdeas/BlinkListAndIdeas.tsx
FN:29,(anonymous_0)
FNF:1
FNH:0
FNDA:0,(anonymous_0)
DA:5,0
DA:29,0
DA:31,0
DA:32,0
LF:4
LH:0
BRF:0
BRH:0
end_of_record
TN:
SF:src/components/organisms/Footer/Company/Company.tsx
FN:40,(anonymous_0)
FNF:1
FNH:0
FNDA:0,(anonymous_0)
DA:6,0
DA:40,0
DA:42,0
DA:43,0
LF:4
LH:0
BRF:0
BRH:0
end_of_record
TN:
SF:src/components/organisms/Footer/Footer_Editorial/Editorial.tsx
FN:38,(anonymous_0)
FNF:1
FNH:0
FNDA:0,(anonymous_0)
DA:4,0
DA:38,0
DA:40,0
DA:41,0
LF:4
LH:0
BRF:0
BRH:0
end_of_record
TN:
SF:src/components/organisms/Footer/Sitemap/Sitemap.tsx
FN:25,(anonymous_0)
FNF:1
FNH:0
FNDA:0,(anonymous_0)
DA:5,0
DA:25,0
DA:27,0
DA:29,0
LF:4
LH:0
BRF:0
BRH:0
end_of_record
TN:
SF:src/components/organisms/Footer/UsefulLinks/UsefulLinks.tsx
FN:38,(anonymous_0)
FNF:1
FNH:0
FNDA:0,(anonymous_0)
DA:4,0
DA:38,0
DA:40,0
DA:41,0
LF:4
LH:0
BRF:0
BRH:0
end_of_record
TN:
SF:src/components/organisms/GridOfBooks/CurrentlyReading.tsx
FNF:0
FNH:0
DA:2,5
DA:13,5
DA:14,5
LF:3
LH:3
BRF:0
BRH:0
end_of_record
TN:
SF:src/components/organisms/GridOfBooks/FinishedReading.tsx
FNF:0
FNH:0
DA:1,4
DA:4,4
DA:5,4
LF:3
LH:3
BRF:0
BRH:0
end_of_record
TN:
SF:src/components/organisms/GridOfBooks/GridOfBooks.tsx
FN:26,(anonymous_0)
FN:39,(anonymous_1)
FN:39,(anonymous_2)
FN:41,(anonymous_3)
FNF:4
FNH:4
FNDA:11,(anonymous_0)
FNDA:98,(anonymous_1)
FNDA:74,(anonymous_2)
FNDA:1,(anonymous_3)
DA:11,2
DA:26,2
DA:29,11
DA:30,11
DA:34,11
DA:39,98
DA:41,1
LF:7
LH:7
BRF:0
BRH:0
end_of_record
TN:
SF:src/components/organisms/GridOfBooks/GridOfFinishedBooks.tsx
FN:24,(anonymous_0)
FN:36,(anonymous_1)
FN:36,(anonymous_2)
FN:38,(anonymous_3)
FNF:4
FNH:4
FNDA:7,(anonymous_0)
FNDA:6,(anonymous_1)
FNDA:6,(anonymous_2)
FNDA:1,(anonymous_3)
DA:12,2
DA:24,2
DA:27,7
DA:28,7
DA:30,7
DA:36,6
DA:38,1
LF:7
LH:7
BRF:0
BRH:0
end_of_record
TN:
SF:src/components/organisms/TrendingBlinks/FeaturedAudioBlinksdata.tsx
FNF:0
FNH:0
DA:3,1
DA:8,1
DA:9,1
LF:3
LH:3
BRF:0
BRH:0
end_of_record
TN:
SF:src/components/organisms/TrendingBlinks/JustAddeddata.tsx
FNF:0
FNH:0
DA:2,1
DA:9,1
DA:10,1
LF:3
LH:3
BRF:0
BRH:0
end_of_record
TN:
SF:src/components/organisms/TrendingBlinks/TrendingBlinks.stories.tsx
FN:11,(anonymous_0)
FNF:1
FNH:0
FNDA:0,(anonymous_0)
DA:11,0
DA:13,0
LF:2
LH:0
BRF:0
BRH:0
end_of_record
TN:
SF:src/components/organisms/TrendingBlinks/TrendingBlinks.tsx
FN:53,(anonymous_0)
FN:64,(anonymous_1)
FN:83,(anonymous_2)
FN:83,(anonymous_3)
FN:102,(anonymous_4)
FN:102,(anonymous_5)
FN:118,(anonymous_6)
FN:118,(anonymous_7)
FNF:8
FNH:8
FNDA:11,(anonymous_0)
FNDA:3,(anonymous_1)
FNDA:66,(anonymous_2)
FNDA:49,(anonymous_3)
FNDA:33,(anonymous_4)
FNDA:26,(anonymous_5)
FNDA:33,(anonymous_6)
FNDA:25,(anonymous_7)
DA:14,1
DA:53,1
DA:56,11
DA:57,11
DA:59,11
DA:64,3
DA:83,66
DA:102,33
DA:118,33
LF:9
LH:9
BRF:0
BRH:0
end_of_record
TN:
SF:src/components/organisms/TrendingBlinks/TrendingBlinksdata.tsx
FNF:0
FNH:0
DA:2,1
DA:10,1
DA:11,1
LF:3
LH:3
BRF:0
BRH:0
end_of_record
TN:
SF:src/components/themes/theme.tsx
FNF:0
FNH:0
DA:3,0
LF:1
LH:0
BRF:0
BRH:0
end_of_record
TN:
SF:src/pages/Page2.tsx
FN:9,(anonymous_0)
FN:15,(anonymous_1)
FNF:2
FNH:0
FNDA:0,(anonymous_0)
FNDA:0,(anonymous_1)
DA:9,0
DA:13,0
DA:15,0
DA:16,0
DA:19,0
LF:5
LH:0
BRDA:24,0,0,0
BRDA:24,0,1,0
BRDA:25,1,0,0
BRDA:25,1,1,0
BRF:4
BRH:0
end_of_record
TN:
SF:src/pages/Page3.tsx
FN:27,(anonymous_0)
FN:34,(anonymous_1)
FNF:2
FNH:0
FNDA:0,(anonymous_0)
FNDA:0,(anonymous_1)
DA:10,0
DA:27,0
DA:32,0
DA:34,0
DA:35,0
DA:38,0
DA:40,0
LF:7
LH:0
BRDA:45,0,0,0
BRDA:45,0,1,0
BRDA:46,1,0,0
BRDA:46,1,1,0
BRF:4
BRH:0
end_of_record
TN:
SF:src/stories/Button.stories.tsx
FN:17,(anonymous_0)
FNF:1
FNH:0
FNDA:0,(anonymous_0)
DA:17,0
DA:19,0
DA:21,0
DA:26,0
DA:27,0
DA:31,0
DA:32,0
DA:37,0
DA:38,0
LF:9
LH:0
BRF:0
BRH:0
end_of_record
TN:
SF:src/stories/Button.tsx
FN:30,(anonymous_0)
FNF:1
FNH:0
FNDA:0,(anonymous_0)
DA:30,0
DA:37,0
DA:38,0
LF:3
LH:0
BRDA:31,0,0,0
BRDA:32,1,0,0
BRDA:37,2,0,0
BRDA:37,2,1,0
BRF:4
BRH:0
end_of_record
TN:
SF:src/stories/Header.stories.tsx
FN:11,(anonymous_0)
FNF:1
FNH:0
FNDA:0,(anonymous_0)
DA:11,0
DA:13,0
DA:14,0
DA:18,0
DA:19,0
LF:5
LH:0
BRF:0
BRH:0
end_of_record
TN:
SF:src/stories/Header.tsx
FN:13,(anonymous_0)
FNF:1
FNH:0
FNDA:0,(anonymous_0)
DA:13,0
DA:14,0
LF:2
LH:0
BRDA:36,0,0,0
BRDA:36,0,1,0
BRF:2
BRH:0
end_of_record
TN:
SF:src/stories/Page.stories.tsx
FN:12,(anonymous_0)
FNF:1
FNH:0
FNDA:0,(anonymous_0)
DA:12,0
DA:14,0
DA:15,0
DA:20,0
DA:21,0
LF:5
LH:0
BRF:0
BRH:0
end_of_record
TN:
SF:src/stories/Page.tsx
FN:13,(anonymous_0)
FNF:1
FNH:0
FNDA:0,(anonymous_0)
DA:13,0
DA:14,0
LF:2
LH:0
BRF:0
BRH:0
end_of_record
